   0  $accept : %entry% $end

   1  main : definitions

   2  id : ID
   3     | ID_Q

   4  expr_seq : expr COMMA expr_seq
   5           | expr

   6  expr_interv : expr FROMTO expr

   7  expr : id
   8       | CSTDEC
   9       | CSTBASE
  10       | CSTSTR
  11       | LPAREN expr RPAREN
  12       | expr PLUS expr
  13       | expr MINUS expr
  14       | expr TIMES expr
  15       | expr DIV expr
  16       | expr EXPONENT expr
  17       | expr EQUALITY expr
  18       | expr INEQUALITY expr
  19       | expr LESSEQUAL expr
  20       | expr SUPEQUAL expr
  21       | expr LESSTHAN expr
  22       | expr SUPTHAN expr
  23       | expr MOD expr
  24       | expr REM expr
  25       | expr AND expr
  26       | expr OR expr
  27       | expr XOR expr
  28       | expr AND_THEN expr
  29       | expr OR_ELSE expr
  30       | MINUS expr
  31       | NOT expr
  32       | ABS expr
  33       | id LPAREN expr_seq RPAREN

  34  instr_seq : instr
  35            | instr_seq instr

  36  nom_boucle :
  37             | ID COLON

  38  elsif_seq : elseif
  39            | elsif_seq elseif

  40  elseif : ELSEIF expr THEN instr_seq

  41  condif : IF expr THEN instr_seq END_IF SEMICOLON
  42         | IF expr THEN instr_seq ELSE instr_seq END_IF SEMICOLON
  43         | IF expr THEN instr_seq elsif_seq END_IF SEMICOLON
  44         | IF expr THEN instr_seq elsif_seq ELSE instr_seq END_IF SEMICOLON

  45  exit_param : SEMICOLON
  46             | id SEMICOLON
  47             | WHEN expr SEMICOLON
  48             | id WHEN expr SEMICOLON

  49  ret : SEMICOLON
  50      | expr SEMICOLON

  51  expr_for : typeAda
  52           | expr_interv

  53  end_block : SEMICOLON
  54            | ID SEMICOLON

  55  instr : NULL SEMICOLON
  56        | RETIQUETTE id LETIQUETTE instr
  57        | id AFFECT expr SEMICOLON
  58        | id SEMICOLON
  59        | id LPAREN expr_seq RPAREN SEMICOLON
  60        | nom_boucle LOOP instr_seq END_LOOP end_block
  61        | nom_boucle WHILE expr LOOP instr_seq END_LOOP end_block
  62        | nom_boucle FOR ID IN expr_for LOOP instr_seq END_LOOP end_block
  63        | nom_boucle FOR ID IN REVERSE expr_for LOOP instr_seq END_LOOP end_block
  64        | condif
  65        | GOTO ID SEMICOLON
  66        | EXIT exit_param
  67        | RETURN ret

  68  id_seq : ID COMMA id_seq
  69         | ID

  70  typeAda : id
  71          | id RANGE expr_interv

  72  def :
  73      | AFFECT expr

  74  declaobj : id_seq COLON CONST def
  75           | id_seq COLON CONST typeAda def
  76           | id_seq COLON typeAda def

  77  mode :
  78       | IN
  79       | OUT
  80       | IN_OUT

  81  params :
  82         | LPAREN param_seq RPAREN

  83  param_seq : param
  84            | param_seq SEMICOLON param

  85  param : id_seq COLON mode id

  86  specifications : PROCED ID params
  87                 | FUNC ID params RETURN id

  88  block : BEGIN instr_seq END end_block

  89  decla_seq : decla
  90            | decla_seq decla

  91  definitions : specifications IS decla_seq block
  92              | specifications IS block

  93  decla : declaobj SEMICOLON
  94        | TYPE ID IS RANGE expr_interv SEMICOLON
  95        | SUBTYPE ID IS typeAda SEMICOLON
  96        | id_seq COLON typeAda RENAMES ID_Q SEMICOLON
  97        | specifications SEMICOLON
  98        | definitions

  99  %entry% : '\001' main

state 0
	$accept : . %entry% $end  (0)

	'\001'  shift 1
	.  error

	%entry%  goto 2


state 1
	%entry% : '\001' . main  (99)

	PROCED  shift 3
	FUNC  shift 4
	.  error

	main  goto 5
	definitions  goto 6
	specifications  goto 7


state 2
	$accept : %entry% . $end  (0)

	$end  accept


state 3
	specifications : PROCED . ID params  (86)

	ID  shift 8
	.  error


state 4
	specifications : FUNC . ID params RETURN id  (87)

	ID  shift 9
	.  error


state 5
	%entry% : '\001' main .  (99)

	.  reduce 99


state 6
	main : definitions .  (1)

	.  reduce 1


state 7
	definitions : specifications . IS decla_seq block  (91)
	definitions : specifications . IS block  (92)

	IS  shift 10
	.  error


state 8
	specifications : PROCED ID . params  (86)
	params : .  (81)

	LPAREN  shift 11
	SEMICOLON  reduce 81
	IS  reduce 81

	params  goto 12


state 9
	specifications : FUNC ID . params RETURN id  (87)
	params : .  (81)

	LPAREN  shift 11
	RETURN  reduce 81

	params  goto 13


state 10
	definitions : specifications IS . decla_seq block  (91)
	definitions : specifications IS . block  (92)

	ID  shift 14
	TYPE  shift 15
	SUBTYPE  shift 16
	PROCED  shift 3
	FUNC  shift 4
	BEGIN  shift 17
	.  error

	definitions  goto 18
	id_seq  goto 19
	declaobj  goto 20
	specifications  goto 21
	block  goto 22
	decla_seq  goto 23
	decla  goto 24


state 11
	params : LPAREN . param_seq RPAREN  (82)

	ID  shift 14
	.  error

	id_seq  goto 25
	param_seq  goto 26
	param  goto 27


state 12
	specifications : PROCED ID params .  (86)

	.  reduce 86


state 13
	specifications : FUNC ID params . RETURN id  (87)

	RETURN  shift 28
	.  error


state 14
	id_seq : ID . COMMA id_seq  (68)
	id_seq : ID .  (69)

	COMMA  shift 29
	COLON  reduce 69


state 15
	decla : TYPE . ID IS RANGE expr_interv SEMICOLON  (94)

	ID  shift 30
	.  error


state 16
	decla : SUBTYPE . ID IS typeAda SEMICOLON  (95)

	ID  shift 31
	.  error


state 17
	block : BEGIN . instr_seq END end_block  (88)
	nom_boucle : .  (36)

	ID  shift 32
	ID_Q  shift 33
	RETIQUETTE  shift 34
	IF  shift 35
	GOTO  shift 36
	EXIT  shift 37
	RETURN  shift 38
	NULL  shift 39
	LOOP  reduce 36
	WHILE  reduce 36
	FOR  reduce 36

	id  goto 40
	instr_seq  goto 41
	instr  goto 42
	nom_boucle  goto 43
	condif  goto 44


state 18
	decla : definitions .  (98)

	.  reduce 98


state 19
	declaobj : id_seq . COLON CONST def  (74)
	declaobj : id_seq . COLON CONST typeAda def  (75)
	declaobj : id_seq . COLON typeAda def  (76)
	decla : id_seq . COLON typeAda RENAMES ID_Q SEMICOLON  (96)

	COLON  shift 45
	.  error


state 20
	decla : declaobj . SEMICOLON  (93)

	SEMICOLON  shift 46
	.  error


state 21
	definitions : specifications . IS decla_seq block  (91)
	definitions : specifications . IS block  (92)
	decla : specifications . SEMICOLON  (97)

	SEMICOLON  shift 47
	IS  shift 10
	.  error


state 22
	definitions : specifications IS block .  (92)

	.  reduce 92


state 23
	decla_seq : decla_seq . decla  (90)
	definitions : specifications IS decla_seq . block  (91)

	ID  shift 14
	TYPE  shift 15
	SUBTYPE  shift 16
	PROCED  shift 3
	FUNC  shift 4
	BEGIN  shift 17
	.  error

	definitions  goto 18
	id_seq  goto 19
	declaobj  goto 20
	specifications  goto 21
	block  goto 48
	decla  goto 49


state 24
	decla_seq : decla .  (89)

	.  reduce 89


state 25
	param : id_seq . COLON mode id  (85)

	COLON  shift 50
	.  error


state 26
	params : LPAREN param_seq . RPAREN  (82)
	param_seq : param_seq . SEMICOLON param  (84)

	RPAREN  shift 51
	SEMICOLON  shift 52
	.  error


state 27
	param_seq : param .  (83)

	.  reduce 83


state 28
	specifications : FUNC ID params RETURN . id  (87)

	ID  shift 53
	ID_Q  shift 33
	.  error

	id  goto 54


state 29
	id_seq : ID COMMA . id_seq  (68)

	ID  shift 14
	.  error

	id_seq  goto 55


state 30
	decla : TYPE ID . IS RANGE expr_interv SEMICOLON  (94)

	IS  shift 56
	.  error


state 31
	decla : SUBTYPE ID . IS typeAda SEMICOLON  (95)

	IS  shift 57
	.  error


state 32
	id : ID .  (2)
	nom_boucle : ID . COLON  (37)

	COLON  shift 58
	LPAREN  reduce 2
	SEMICOLON  reduce 2
	AFFECT  reduce 2


state 33
	id : ID_Q .  (3)

	.  reduce 3


state 34
	instr : RETIQUETTE . id LETIQUETTE instr  (56)

	ID  shift 53
	ID_Q  shift 33
	.  error

	id  goto 59


state 35
	condif : IF . expr THEN instr_seq END_IF SEMICOLON  (41)
	condif : IF . expr THEN instr_seq ELSE instr_seq END_IF SEMICOLON  (42)
	condif : IF . expr THEN instr_seq elsif_seq END_IF SEMICOLON  (43)
	condif : IF . expr THEN instr_seq elsif_seq ELSE instr_seq END_IF SEMICOLON  (44)

	ID  shift 53
	ID_Q  shift 33
	CSTDEC  shift 60
	CSTBASE  shift 61
	CSTSTR  shift 62
	MINUS  shift 63
	ABS  shift 64
	NOT  shift 65
	LPAREN  shift 66
	.  error

	id  goto 67
	expr  goto 68


state 36
	instr : GOTO . ID SEMICOLON  (65)

	ID  shift 69
	.  error


state 37
	instr : EXIT . exit_param  (66)

	ID  shift 53
	ID_Q  shift 33
	SEMICOLON  shift 70
	WHEN  shift 71
	.  error

	id  goto 72
	exit_param  goto 73


state 38
	instr : RETURN . ret  (67)

	ID  shift 53
	ID_Q  shift 33
	CSTDEC  shift 60
	CSTBASE  shift 61
	CSTSTR  shift 62
	MINUS  shift 63
	ABS  shift 64
	NOT  shift 65
	LPAREN  shift 66
	SEMICOLON  shift 74
	.  error

	id  goto 67
	expr  goto 75
	ret  goto 76


state 39
	instr : NULL . SEMICOLON  (55)

	SEMICOLON  shift 77
	.  error


state 40
	instr : id . AFFECT expr SEMICOLON  (57)
	instr : id . SEMICOLON  (58)
	instr : id . LPAREN expr_seq RPAREN SEMICOLON  (59)

	LPAREN  shift 78
	SEMICOLON  shift 79
	AFFECT  shift 80
	.  error


state 41
	instr_seq : instr_seq . instr  (35)
	block : BEGIN instr_seq . END end_block  (88)
	nom_boucle : .  (36)

	ID  shift 32
	ID_Q  shift 33
	RETIQUETTE  shift 34
	IF  shift 35
	GOTO  shift 36
	EXIT  shift 37
	RETURN  shift 38
	END  shift 81
	NULL  shift 39
	LOOP  reduce 36
	WHILE  reduce 36
	FOR  reduce 36

	id  goto 40
	instr  goto 82
	nom_boucle  goto 43
	condif  goto 44


state 42
	instr_seq : instr .  (34)

	.  reduce 34


state 43
	instr : nom_boucle . LOOP instr_seq END_LOOP end_block  (60)
	instr : nom_boucle . WHILE expr LOOP instr_seq END_LOOP end_block  (61)
	instr : nom_boucle . FOR ID IN expr_for LOOP instr_seq END_LOOP end_block  (62)
	instr : nom_boucle . FOR ID IN REVERSE expr_for LOOP instr_seq END_LOOP end_block  (63)

	LOOP  shift 83
	WHILE  shift 84
	FOR  shift 85
	.  error


state 44
	instr : condif .  (64)

	.  reduce 64


state 45
	declaobj : id_seq COLON . CONST def  (74)
	declaobj : id_seq COLON . CONST typeAda def  (75)
	declaobj : id_seq COLON . typeAda def  (76)
	decla : id_seq COLON . typeAda RENAMES ID_Q SEMICOLON  (96)

	ID  shift 53
	ID_Q  shift 33
	CONST  shift 86
	.  error

	id  goto 87
	typeAda  goto 88


state 46
	decla : declaobj SEMICOLON .  (93)

	.  reduce 93


state 47
	decla : specifications SEMICOLON .  (97)

	.  reduce 97


state 48
	definitions : specifications IS decla_seq block .  (91)

	.  reduce 91


state 49
	decla_seq : decla_seq decla .  (90)

	.  reduce 90


state 50
	param : id_seq COLON . mode id  (85)
	mode : .  (77)

	IN  shift 89
	OUT  shift 90
	IN_OUT  shift 91
	ID  reduce 77
	ID_Q  reduce 77

	mode  goto 92


state 51
	params : LPAREN param_seq RPAREN .  (82)

	.  reduce 82


state 52
	param_seq : param_seq SEMICOLON . param  (84)

	ID  shift 14
	.  error

	id_seq  goto 25
	param  goto 93


state 53
	id : ID .  (2)

	.  reduce 2


state 54
	specifications : FUNC ID params RETURN id .  (87)

	.  reduce 87


state 55
	id_seq : ID COMMA id_seq .  (68)

	.  reduce 68


state 56
	decla : TYPE ID IS . RANGE expr_interv SEMICOLON  (94)

	RANGE  shift 94
	.  error


state 57
	decla : SUBTYPE ID IS . typeAda SEMICOLON  (95)

	ID  shift 53
	ID_Q  shift 33
	.  error

	id  goto 87
	typeAda  goto 95


state 58
	nom_boucle : ID COLON .  (37)

	.  reduce 37


state 59
	instr : RETIQUETTE id . LETIQUETTE instr  (56)

	LETIQUETTE  shift 96
	.  error


state 60
	expr : CSTDEC .  (8)

	.  reduce 8


state 61
	expr : CSTBASE .  (9)

	.  reduce 9


state 62
	expr : CSTSTR .  (10)

	.  reduce 10


state 63
	expr : MINUS . expr  (30)

	ID  shift 53
	ID_Q  shift 33
	CSTDEC  shift 60
	CSTBASE  shift 61
	CSTSTR  shift 62
	MINUS  shift 63
	ABS  shift 64
	NOT  shift 65
	LPAREN  shift 66
	.  error

	id  goto 67
	expr  goto 97


state 64
	expr : ABS . expr  (32)

	ID  shift 53
	ID_Q  shift 33
	CSTDEC  shift 60
	CSTBASE  shift 61
	CSTSTR  shift 62
	MINUS  shift 63
	ABS  shift 64
	NOT  shift 65
	LPAREN  shift 66
	.  error

	id  goto 67
	expr  goto 98


state 65
	expr : NOT . expr  (31)

	ID  shift 53
	ID_Q  shift 33
	CSTDEC  shift 60
	CSTBASE  shift 61
	CSTSTR  shift 62
	MINUS  shift 63
	ABS  shift 64
	NOT  shift 65
	LPAREN  shift 66
	.  error

	id  goto 67
	expr  goto 99


state 66
	expr : LPAREN . expr RPAREN  (11)

	ID  shift 53
	ID_Q  shift 33
	CSTDEC  shift 60
	CSTBASE  shift 61
	CSTSTR  shift 62
	MINUS  shift 63
	ABS  shift 64
	NOT  shift 65
	LPAREN  shift 66
	.  error

	id  goto 67
	expr  goto 100


state 67
	expr : id .  (7)
	expr : id . LPAREN expr_seq RPAREN  (33)

	LPAREN  shift 101
	PLUS  reduce 7
	MINUS  reduce 7
	TIMES  reduce 7
	DIV  reduce 7
	EXPONENT  reduce 7
	EQUALITY  reduce 7
	INEQUALITY  reduce 7
	LESSEQUAL  reduce 7
	SUPEQUAL  reduce 7
	LESSTHAN  reduce 7
	SUPTHAN  reduce 7
	MOD  reduce 7
	REM  reduce 7
	AND  reduce 7
	OR  reduce 7
	XOR  reduce 7
	AND_THEN  reduce 7
	OR_ELSE  reduce 7
	RPAREN  reduce 7
	COMMA  reduce 7
	SEMICOLON  reduce 7
	LOOP  reduce 7
	THEN  reduce 7
	AFFECT  reduce 7
	FROMTO  reduce 7
	RENAMES  reduce 7


state 68
	expr : expr . PLUS expr  (12)
	expr : expr . MINUS expr  (13)
	expr : expr . TIMES expr  (14)
	expr : expr . DIV expr  (15)
	expr : expr . EXPONENT expr  (16)
	expr : expr . EQUALITY expr  (17)
	expr : expr . INEQUALITY expr  (18)
	expr : expr . LESSEQUAL expr  (19)
	expr : expr . SUPEQUAL expr  (20)
	expr : expr . LESSTHAN expr  (21)
	expr : expr . SUPTHAN expr  (22)
	expr : expr . MOD expr  (23)
	expr : expr . REM expr  (24)
	expr : expr . AND expr  (25)
	expr : expr . OR expr  (26)
	expr : expr . XOR expr  (27)
	expr : expr . AND_THEN expr  (28)
	expr : expr . OR_ELSE expr  (29)
	condif : IF expr . THEN instr_seq END_IF SEMICOLON  (41)
	condif : IF expr . THEN instr_seq ELSE instr_seq END_IF SEMICOLON  (42)
	condif : IF expr . THEN instr_seq elsif_seq END_IF SEMICOLON  (43)
	condif : IF expr . THEN instr_seq elsif_seq ELSE instr_seq END_IF SEMICOLON  (44)

	PLUS  shift 102
	MINUS  shift 103
	TIMES  shift 104
	DIV  shift 105
	EXPONENT  shift 106
	EQUALITY  shift 107
	INEQUALITY  shift 108
	LESSEQUAL  shift 109
	SUPEQUAL  shift 110
	LESSTHAN  shift 111
	SUPTHAN  shift 112
	MOD  shift 113
	REM  shift 114
	AND  shift 115
	OR  shift 116
	XOR  shift 117
	AND_THEN  shift 118
	OR_ELSE  shift 119
	THEN  shift 120
	.  error


state 69
	instr : GOTO ID . SEMICOLON  (65)

	SEMICOLON  shift 121
	.  error


state 70
	exit_param : SEMICOLON .  (45)

	.  reduce 45


state 71
	exit_param : WHEN . expr SEMICOLON  (47)

	ID  shift 53
	ID_Q  shift 33
	CSTDEC  shift 60
	CSTBASE  shift 61
	CSTSTR  shift 62
	MINUS  shift 63
	ABS  shift 64
	NOT  shift 65
	LPAREN  shift 66
	.  error

	id  goto 67
	expr  goto 122


state 72
	exit_param : id . SEMICOLON  (46)
	exit_param : id . WHEN expr SEMICOLON  (48)

	SEMICOLON  shift 123
	WHEN  shift 124
	.  error


state 73
	instr : EXIT exit_param .  (66)

	.  reduce 66


state 74
	ret : SEMICOLON .  (49)

	.  reduce 49


state 75
	expr : expr . PLUS expr  (12)
	expr : expr . MINUS expr  (13)
	expr : expr . TIMES expr  (14)
	expr : expr . DIV expr  (15)
	expr : expr . EXPONENT expr  (16)
	expr : expr . EQUALITY expr  (17)
	expr : expr . INEQUALITY expr  (18)
	expr : expr . LESSEQUAL expr  (19)
	expr : expr . SUPEQUAL expr  (20)
	expr : expr . LESSTHAN expr  (21)
	expr : expr . SUPTHAN expr  (22)
	expr : expr . MOD expr  (23)
	expr : expr . REM expr  (24)
	expr : expr . AND expr  (25)
	expr : expr . OR expr  (26)
	expr : expr . XOR expr  (27)
	expr : expr . AND_THEN expr  (28)
	expr : expr . OR_ELSE expr  (29)
	ret : expr . SEMICOLON  (50)

	PLUS  shift 102
	MINUS  shift 103
	TIMES  shift 104
	DIV  shift 105
	EXPONENT  shift 106
	EQUALITY  shift 107
	INEQUALITY  shift 108
	LESSEQUAL  shift 109
	SUPEQUAL  shift 110
	LESSTHAN  shift 111
	SUPTHAN  shift 112
	MOD  shift 113
	REM  shift 114
	AND  shift 115
	OR  shift 116
	XOR  shift 117
	AND_THEN  shift 118
	OR_ELSE  shift 119
	SEMICOLON  shift 125
	.  error


state 76
	instr : RETURN ret .  (67)

	.  reduce 67


state 77
	instr : NULL SEMICOLON .  (55)

	.  reduce 55


state 78
	instr : id LPAREN . expr_seq RPAREN SEMICOLON  (59)

	ID  shift 53
	ID_Q  shift 33
	CSTDEC  shift 60
	CSTBASE  shift 61
	CSTSTR  shift 62
	MINUS  shift 63
	ABS  shift 64
	NOT  shift 65
	LPAREN  shift 66
	.  error

	id  goto 67
	expr_seq  goto 126
	expr  goto 127


state 79
	instr : id SEMICOLON .  (58)

	.  reduce 58


state 80
	instr : id AFFECT . expr SEMICOLON  (57)

	ID  shift 53
	ID_Q  shift 33
	CSTDEC  shift 60
	CSTBASE  shift 61
	CSTSTR  shift 62
	MINUS  shift 63
	ABS  shift 64
	NOT  shift 65
	LPAREN  shift 66
	.  error

	id  goto 67
	expr  goto 128


state 81
	block : BEGIN instr_seq END . end_block  (88)

	ID  shift 129
	SEMICOLON  shift 130
	.  error

	end_block  goto 131


state 82
	instr_seq : instr_seq instr .  (35)

	.  reduce 35


state 83
	instr : nom_boucle LOOP . instr_seq END_LOOP end_block  (60)
	nom_boucle : .  (36)

	ID  shift 32
	ID_Q  shift 33
	RETIQUETTE  shift 34
	IF  shift 35
	GOTO  shift 36
	EXIT  shift 37
	RETURN  shift 38
	NULL  shift 39
	LOOP  reduce 36
	WHILE  reduce 36
	FOR  reduce 36

	id  goto 40
	instr_seq  goto 132
	instr  goto 42
	nom_boucle  goto 43
	condif  goto 44


state 84
	instr : nom_boucle WHILE . expr LOOP instr_seq END_LOOP end_block  (61)

	ID  shift 53
	ID_Q  shift 33
	CSTDEC  shift 60
	CSTBASE  shift 61
	CSTSTR  shift 62
	MINUS  shift 63
	ABS  shift 64
	NOT  shift 65
	LPAREN  shift 66
	.  error

	id  goto 67
	expr  goto 133


state 85
	instr : nom_boucle FOR . ID IN expr_for LOOP instr_seq END_LOOP end_block  (62)
	instr : nom_boucle FOR . ID IN REVERSE expr_for LOOP instr_seq END_LOOP end_block  (63)

	ID  shift 134
	.  error


state 86
	declaobj : id_seq COLON CONST . def  (74)
	declaobj : id_seq COLON CONST . typeAda def  (75)
	def : .  (72)

	ID  shift 53
	ID_Q  shift 33
	AFFECT  shift 135
	SEMICOLON  reduce 72

	id  goto 87
	typeAda  goto 136
	def  goto 137


state 87
	typeAda : id .  (70)
	typeAda : id . RANGE expr_interv  (71)

	RANGE  shift 138
	SEMICOLON  reduce 70
	AFFECT  reduce 70
	RENAMES  reduce 70


state 88
	declaobj : id_seq COLON typeAda . def  (76)
	decla : id_seq COLON typeAda . RENAMES ID_Q SEMICOLON  (96)
	def : .  (72)

	AFFECT  shift 135
	RENAMES  shift 139
	SEMICOLON  reduce 72

	def  goto 140


state 89
	mode : IN .  (78)

	.  reduce 78


state 90
	mode : OUT .  (79)

	.  reduce 79


state 91
	mode : IN_OUT .  (80)

	.  reduce 80


state 92
	param : id_seq COLON mode . id  (85)

	ID  shift 53
	ID_Q  shift 33
	.  error

	id  goto 141


state 93
	param_seq : param_seq SEMICOLON param .  (84)

	.  reduce 84


state 94
	decla : TYPE ID IS RANGE . expr_interv SEMICOLON  (94)

	ID  shift 53
	ID_Q  shift 33
	CSTDEC  shift 60
	CSTBASE  shift 61
	CSTSTR  shift 62
	MINUS  shift 63
	ABS  shift 64
	NOT  shift 65
	LPAREN  shift 66
	.  error

	id  goto 67
	expr  goto 142
	expr_interv  goto 143


state 95
	decla : SUBTYPE ID IS typeAda . SEMICOLON  (95)

	SEMICOLON  shift 144
	.  error


state 96
	instr : RETIQUETTE id LETIQUETTE . instr  (56)
	nom_boucle : .  (36)

	ID  shift 32
	ID_Q  shift 33
	RETIQUETTE  shift 34
	IF  shift 35
	GOTO  shift 36
	EXIT  shift 37
	RETURN  shift 38
	NULL  shift 39
	LOOP  reduce 36
	WHILE  reduce 36
	FOR  reduce 36

	id  goto 40
	instr  goto 145
	nom_boucle  goto 43
	condif  goto 44


state 97
	expr : expr . PLUS expr  (12)
	expr : expr . MINUS expr  (13)
	expr : expr . TIMES expr  (14)
	expr : expr . DIV expr  (15)
	expr : expr . EXPONENT expr  (16)
	expr : expr . EQUALITY expr  (17)
	expr : expr . INEQUALITY expr  (18)
	expr : expr . LESSEQUAL expr  (19)
	expr : expr . SUPEQUAL expr  (20)
	expr : expr . LESSTHAN expr  (21)
	expr : expr . SUPTHAN expr  (22)
	expr : expr . MOD expr  (23)
	expr : expr . REM expr  (24)
	expr : expr . AND expr  (25)
	expr : expr . OR expr  (26)
	expr : expr . XOR expr  (27)
	expr : expr . AND_THEN expr  (28)
	expr : expr . OR_ELSE expr  (29)
	expr : MINUS expr .  (30)

	.  reduce 30


state 98
	expr : expr . PLUS expr  (12)
	expr : expr . MINUS expr  (13)
	expr : expr . TIMES expr  (14)
	expr : expr . DIV expr  (15)
	expr : expr . EXPONENT expr  (16)
	expr : expr . EQUALITY expr  (17)
	expr : expr . INEQUALITY expr  (18)
	expr : expr . LESSEQUAL expr  (19)
	expr : expr . SUPEQUAL expr  (20)
	expr : expr . LESSTHAN expr  (21)
	expr : expr . SUPTHAN expr  (22)
	expr : expr . MOD expr  (23)
	expr : expr . REM expr  (24)
	expr : expr . AND expr  (25)
	expr : expr . OR expr  (26)
	expr : expr . XOR expr  (27)
	expr : expr . AND_THEN expr  (28)
	expr : expr . OR_ELSE expr  (29)
	expr : ABS expr .  (32)

	EXPONENT  shift 106
	PLUS  reduce 32
	MINUS  reduce 32
	TIMES  reduce 32
	DIV  reduce 32
	EQUALITY  reduce 32
	INEQUALITY  reduce 32
	LESSEQUAL  reduce 32
	SUPEQUAL  reduce 32
	LESSTHAN  reduce 32
	SUPTHAN  reduce 32
	MOD  reduce 32
	REM  reduce 32
	AND  reduce 32
	OR  reduce 32
	XOR  reduce 32
	AND_THEN  reduce 32
	OR_ELSE  reduce 32
	RPAREN  reduce 32
	COMMA  reduce 32
	SEMICOLON  reduce 32
	LOOP  reduce 32
	THEN  reduce 32
	AFFECT  reduce 32
	FROMTO  reduce 32
	RENAMES  reduce 32


state 99
	expr : expr . PLUS expr  (12)
	expr : expr . MINUS expr  (13)
	expr : expr . TIMES expr  (14)
	expr : expr . DIV expr  (15)
	expr : expr . EXPONENT expr  (16)
	expr : expr . EQUALITY expr  (17)
	expr : expr . INEQUALITY expr  (18)
	expr : expr . LESSEQUAL expr  (19)
	expr : expr . SUPEQUAL expr  (20)
	expr : expr . LESSTHAN expr  (21)
	expr : expr . SUPTHAN expr  (22)
	expr : expr . MOD expr  (23)
	expr : expr . REM expr  (24)
	expr : expr . AND expr  (25)
	expr : expr . OR expr  (26)
	expr : expr . XOR expr  (27)
	expr : expr . AND_THEN expr  (28)
	expr : expr . OR_ELSE expr  (29)
	expr : NOT expr .  (31)

	EXPONENT  shift 106
	PLUS  reduce 31
	MINUS  reduce 31
	TIMES  reduce 31
	DIV  reduce 31
	EQUALITY  reduce 31
	INEQUALITY  reduce 31
	LESSEQUAL  reduce 31
	SUPEQUAL  reduce 31
	LESSTHAN  reduce 31
	SUPTHAN  reduce 31
	MOD  reduce 31
	REM  reduce 31
	AND  reduce 31
	OR  reduce 31
	XOR  reduce 31
	AND_THEN  reduce 31
	OR_ELSE  reduce 31
	RPAREN  reduce 31
	COMMA  reduce 31
	SEMICOLON  reduce 31
	LOOP  reduce 31
	THEN  reduce 31
	AFFECT  reduce 31
	FROMTO  reduce 31
	RENAMES  reduce 31


state 100
	expr : LPAREN expr . RPAREN  (11)
	expr : expr . PLUS expr  (12)
	expr : expr . MINUS expr  (13)
	expr : expr . TIMES expr  (14)
	expr : expr . DIV expr  (15)
	expr : expr . EXPONENT expr  (16)
	expr : expr . EQUALITY expr  (17)
	expr : expr . INEQUALITY expr  (18)
	expr : expr . LESSEQUAL expr  (19)
	expr : expr . SUPEQUAL expr  (20)
	expr : expr . LESSTHAN expr  (21)
	expr : expr . SUPTHAN expr  (22)
	expr : expr . MOD expr  (23)
	expr : expr . REM expr  (24)
	expr : expr . AND expr  (25)
	expr : expr . OR expr  (26)
	expr : expr . XOR expr  (27)
	expr : expr . AND_THEN expr  (28)
	expr : expr . OR_ELSE expr  (29)

	PLUS  shift 102
	MINUS  shift 103
	TIMES  shift 104
	DIV  shift 105
	EXPONENT  shift 106
	EQUALITY  shift 107
	INEQUALITY  shift 108
	LESSEQUAL  shift 109
	SUPEQUAL  shift 110
	LESSTHAN  shift 111
	SUPTHAN  shift 112
	MOD  shift 113
	REM  shift 114
	AND  shift 115
	OR  shift 116
	XOR  shift 117
	AND_THEN  shift 118
	OR_ELSE  shift 119
	RPAREN  shift 146
	.  error


state 101
	expr : id LPAREN . expr_seq RPAREN  (33)

	ID  shift 53
	ID_Q  shift 33
	CSTDEC  shift 60
	CSTBASE  shift 61
	CSTSTR  shift 62
	MINUS  shift 63
	ABS  shift 64
	NOT  shift 65
	LPAREN  shift 66
	.  error

	id  goto 67
	expr_seq  goto 147
	expr  goto 127


state 102
	expr : expr PLUS . expr  (12)

	ID  shift 53
	ID_Q  shift 33
	CSTDEC  shift 60
	CSTBASE  shift 61
	CSTSTR  shift 62
	MINUS  shift 63
	ABS  shift 64
	NOT  shift 65
	LPAREN  shift 66
	.  error

	id  goto 67
	expr  goto 148


state 103
	expr : expr MINUS . expr  (13)

	ID  shift 53
	ID_Q  shift 33
	CSTDEC  shift 60
	CSTBASE  shift 61
	CSTSTR  shift 62
	MINUS  shift 63
	ABS  shift 64
	NOT  shift 65
	LPAREN  shift 66
	.  error

	id  goto 67
	expr  goto 149


state 104
	expr : expr TIMES . expr  (14)

	ID  shift 53
	ID_Q  shift 33
	CSTDEC  shift 60
	CSTBASE  shift 61
	CSTSTR  shift 62
	MINUS  shift 63
	ABS  shift 64
	NOT  shift 65
	LPAREN  shift 66
	.  error

	id  goto 67
	expr  goto 150


state 105
	expr : expr DIV . expr  (15)

	ID  shift 53
	ID_Q  shift 33
	CSTDEC  shift 60
	CSTBASE  shift 61
	CSTSTR  shift 62
	MINUS  shift 63
	ABS  shift 64
	NOT  shift 65
	LPAREN  shift 66
	.  error

	id  goto 67
	expr  goto 151


state 106
	expr : expr EXPONENT . expr  (16)

	ID  shift 53
	ID_Q  shift 33
	CSTDEC  shift 60
	CSTBASE  shift 61
	CSTSTR  shift 62
	MINUS  shift 63
	ABS  shift 64
	NOT  shift 65
	LPAREN  shift 66
	.  error

	id  goto 67
	expr  goto 152


state 107
	expr : expr EQUALITY . expr  (17)

	ID  shift 53
	ID_Q  shift 33
	CSTDEC  shift 60
	CSTBASE  shift 61
	CSTSTR  shift 62
	MINUS  shift 63
	ABS  shift 64
	NOT  shift 65
	LPAREN  shift 66
	.  error

	id  goto 67
	expr  goto 153


state 108
	expr : expr INEQUALITY . expr  (18)

	ID  shift 53
	ID_Q  shift 33
	CSTDEC  shift 60
	CSTBASE  shift 61
	CSTSTR  shift 62
	MINUS  shift 63
	ABS  shift 64
	NOT  shift 65
	LPAREN  shift 66
	.  error

	id  goto 67
	expr  goto 154


state 109
	expr : expr LESSEQUAL . expr  (19)

	ID  shift 53
	ID_Q  shift 33
	CSTDEC  shift 60
	CSTBASE  shift 61
	CSTSTR  shift 62
	MINUS  shift 63
	ABS  shift 64
	NOT  shift 65
	LPAREN  shift 66
	.  error

	id  goto 67
	expr  goto 155


state 110
	expr : expr SUPEQUAL . expr  (20)

	ID  shift 53
	ID_Q  shift 33
	CSTDEC  shift 60
	CSTBASE  shift 61
	CSTSTR  shift 62
	MINUS  shift 63
	ABS  shift 64
	NOT  shift 65
	LPAREN  shift 66
	.  error

	id  goto 67
	expr  goto 156


state 111
	expr : expr LESSTHAN . expr  (21)

	ID  shift 53
	ID_Q  shift 33
	CSTDEC  shift 60
	CSTBASE  shift 61
	CSTSTR  shift 62
	MINUS  shift 63
	ABS  shift 64
	NOT  shift 65
	LPAREN  shift 66
	.  error

	id  goto 67
	expr  goto 157


state 112
	expr : expr SUPTHAN . expr  (22)

	ID  shift 53
	ID_Q  shift 33
	CSTDEC  shift 60
	CSTBASE  shift 61
	CSTSTR  shift 62
	MINUS  shift 63
	ABS  shift 64
	NOT  shift 65
	LPAREN  shift 66
	.  error

	id  goto 67
	expr  goto 158


state 113
	expr : expr MOD . expr  (23)

	ID  shift 53
	ID_Q  shift 33
	CSTDEC  shift 60
	CSTBASE  shift 61
	CSTSTR  shift 62
	MINUS  shift 63
	ABS  shift 64
	NOT  shift 65
	LPAREN  shift 66
	.  error

	id  goto 67
	expr  goto 159


state 114
	expr : expr REM . expr  (24)

	ID  shift 53
	ID_Q  shift 33
	CSTDEC  shift 60
	CSTBASE  shift 61
	CSTSTR  shift 62
	MINUS  shift 63
	ABS  shift 64
	NOT  shift 65
	LPAREN  shift 66
	.  error

	id  goto 67
	expr  goto 160


state 115
	expr : expr AND . expr  (25)

	ID  shift 53
	ID_Q  shift 33
	CSTDEC  shift 60
	CSTBASE  shift 61
	CSTSTR  shift 62
	MINUS  shift 63
	ABS  shift 64
	NOT  shift 65
	LPAREN  shift 66
	.  error

	id  goto 67
	expr  goto 161


state 116
	expr : expr OR . expr  (26)

	ID  shift 53
	ID_Q  shift 33
	CSTDEC  shift 60
	CSTBASE  shift 61
	CSTSTR  shift 62
	MINUS  shift 63
	ABS  shift 64
	NOT  shift 65
	LPAREN  shift 66
	.  error

	id  goto 67
	expr  goto 162


state 117
	expr : expr XOR . expr  (27)

	ID  shift 53
	ID_Q  shift 33
	CSTDEC  shift 60
	CSTBASE  shift 61
	CSTSTR  shift 62
	MINUS  shift 63
	ABS  shift 64
	NOT  shift 65
	LPAREN  shift 66
	.  error

	id  goto 67
	expr  goto 163


state 118
	expr : expr AND_THEN . expr  (28)

	ID  shift 53
	ID_Q  shift 33
	CSTDEC  shift 60
	CSTBASE  shift 61
	CSTSTR  shift 62
	MINUS  shift 63
	ABS  shift 64
	NOT  shift 65
	LPAREN  shift 66
	.  error

	id  goto 67
	expr  goto 164


state 119
	expr : expr OR_ELSE . expr  (29)

	ID  shift 53
	ID_Q  shift 33
	CSTDEC  shift 60
	CSTBASE  shift 61
	CSTSTR  shift 62
	MINUS  shift 63
	ABS  shift 64
	NOT  shift 65
	LPAREN  shift 66
	.  error

	id  goto 67
	expr  goto 165


state 120
	condif : IF expr THEN . instr_seq END_IF SEMICOLON  (41)
	condif : IF expr THEN . instr_seq ELSE instr_seq END_IF SEMICOLON  (42)
	condif : IF expr THEN . instr_seq elsif_seq END_IF SEMICOLON  (43)
	condif : IF expr THEN . instr_seq elsif_seq ELSE instr_seq END_IF SEMICOLON  (44)
	nom_boucle : .  (36)

	ID  shift 32
	ID_Q  shift 33
	RETIQUETTE  shift 34
	IF  shift 35
	GOTO  shift 36
	EXIT  shift 37
	RETURN  shift 38
	NULL  shift 39
	LOOP  reduce 36
	WHILE  reduce 36
	FOR  reduce 36

	id  goto 40
	instr_seq  goto 166
	instr  goto 42
	nom_boucle  goto 43
	condif  goto 44


state 121
	instr : GOTO ID SEMICOLON .  (65)

	.  reduce 65


state 122
	expr : expr . PLUS expr  (12)
	expr : expr . MINUS expr  (13)
	expr : expr . TIMES expr  (14)
	expr : expr . DIV expr  (15)
	expr : expr . EXPONENT expr  (16)
	expr : expr . EQUALITY expr  (17)
	expr : expr . INEQUALITY expr  (18)
	expr : expr . LESSEQUAL expr  (19)
	expr : expr . SUPEQUAL expr  (20)
	expr : expr . LESSTHAN expr  (21)
	expr : expr . SUPTHAN expr  (22)
	expr : expr . MOD expr  (23)
	expr : expr . REM expr  (24)
	expr : expr . AND expr  (25)
	expr : expr . OR expr  (26)
	expr : expr . XOR expr  (27)
	expr : expr . AND_THEN expr  (28)
	expr : expr . OR_ELSE expr  (29)
	exit_param : WHEN expr . SEMICOLON  (47)

	PLUS  shift 102
	MINUS  shift 103
	TIMES  shift 104
	DIV  shift 105
	EXPONENT  shift 106
	EQUALITY  shift 107
	INEQUALITY  shift 108
	LESSEQUAL  shift 109
	SUPEQUAL  shift 110
	LESSTHAN  shift 111
	SUPTHAN  shift 112
	MOD  shift 113
	REM  shift 114
	AND  shift 115
	OR  shift 116
	XOR  shift 117
	AND_THEN  shift 118
	OR_ELSE  shift 119
	SEMICOLON  shift 167
	.  error


state 123
	exit_param : id SEMICOLON .  (46)

	.  reduce 46


state 124
	exit_param : id WHEN . expr SEMICOLON  (48)

	ID  shift 53
	ID_Q  shift 33
	CSTDEC  shift 60
	CSTBASE  shift 61
	CSTSTR  shift 62
	MINUS  shift 63
	ABS  shift 64
	NOT  shift 65
	LPAREN  shift 66
	.  error

	id  goto 67
	expr  goto 168


state 125
	ret : expr SEMICOLON .  (50)

	.  reduce 50


state 126
	instr : id LPAREN expr_seq . RPAREN SEMICOLON  (59)

	RPAREN  shift 169
	.  error


state 127
	expr_seq : expr . COMMA expr_seq  (4)
	expr_seq : expr .  (5)
	expr : expr . PLUS expr  (12)
	expr : expr . MINUS expr  (13)
	expr : expr . TIMES expr  (14)
	expr : expr . DIV expr  (15)
	expr : expr . EXPONENT expr  (16)
	expr : expr . EQUALITY expr  (17)
	expr : expr . INEQUALITY expr  (18)
	expr : expr . LESSEQUAL expr  (19)
	expr : expr . SUPEQUAL expr  (20)
	expr : expr . LESSTHAN expr  (21)
	expr : expr . SUPTHAN expr  (22)
	expr : expr . MOD expr  (23)
	expr : expr . REM expr  (24)
	expr : expr . AND expr  (25)
	expr : expr . OR expr  (26)
	expr : expr . XOR expr  (27)
	expr : expr . AND_THEN expr  (28)
	expr : expr . OR_ELSE expr  (29)

	PLUS  shift 102
	MINUS  shift 103
	TIMES  shift 104
	DIV  shift 105
	EXPONENT  shift 106
	EQUALITY  shift 107
	INEQUALITY  shift 108
	LESSEQUAL  shift 109
	SUPEQUAL  shift 110
	LESSTHAN  shift 111
	SUPTHAN  shift 112
	MOD  shift 113
	REM  shift 114
	AND  shift 115
	OR  shift 116
	XOR  shift 117
	AND_THEN  shift 118
	OR_ELSE  shift 119
	COMMA  shift 170
	RPAREN  reduce 5


state 128
	expr : expr . PLUS expr  (12)
	expr : expr . MINUS expr  (13)
	expr : expr . TIMES expr  (14)
	expr : expr . DIV expr  (15)
	expr : expr . EXPONENT expr  (16)
	expr : expr . EQUALITY expr  (17)
	expr : expr . INEQUALITY expr  (18)
	expr : expr . LESSEQUAL expr  (19)
	expr : expr . SUPEQUAL expr  (20)
	expr : expr . LESSTHAN expr  (21)
	expr : expr . SUPTHAN expr  (22)
	expr : expr . MOD expr  (23)
	expr : expr . REM expr  (24)
	expr : expr . AND expr  (25)
	expr : expr . OR expr  (26)
	expr : expr . XOR expr  (27)
	expr : expr . AND_THEN expr  (28)
	expr : expr . OR_ELSE expr  (29)
	instr : id AFFECT expr . SEMICOLON  (57)

	PLUS  shift 102
	MINUS  shift 103
	TIMES  shift 104
	DIV  shift 105
	EXPONENT  shift 106
	EQUALITY  shift 107
	INEQUALITY  shift 108
	LESSEQUAL  shift 109
	SUPEQUAL  shift 110
	LESSTHAN  shift 111
	SUPTHAN  shift 112
	MOD  shift 113
	REM  shift 114
	AND  shift 115
	OR  shift 116
	XOR  shift 117
	AND_THEN  shift 118
	OR_ELSE  shift 119
	SEMICOLON  shift 171
	.  error


state 129
	end_block : ID . SEMICOLON  (54)

	SEMICOLON  shift 172
	.  error


state 130
	end_block : SEMICOLON .  (53)

	.  reduce 53


state 131
	block : BEGIN instr_seq END end_block .  (88)

	.  reduce 88


state 132
	instr_seq : instr_seq . instr  (35)
	instr : nom_boucle LOOP instr_seq . END_LOOP end_block  (60)
	nom_boucle : .  (36)

	ID  shift 32
	ID_Q  shift 33
	RETIQUETTE  shift 34
	END_LOOP  shift 173
	IF  shift 35
	GOTO  shift 36
	EXIT  shift 37
	RETURN  shift 38
	NULL  shift 39
	LOOP  reduce 36
	WHILE  reduce 36
	FOR  reduce 36

	id  goto 40
	instr  goto 82
	nom_boucle  goto 43
	condif  goto 44


state 133
	expr : expr . PLUS expr  (12)
	expr : expr . MINUS expr  (13)
	expr : expr . TIMES expr  (14)
	expr : expr . DIV expr  (15)
	expr : expr . EXPONENT expr  (16)
	expr : expr . EQUALITY expr  (17)
	expr : expr . INEQUALITY expr  (18)
	expr : expr . LESSEQUAL expr  (19)
	expr : expr . SUPEQUAL expr  (20)
	expr : expr . LESSTHAN expr  (21)
	expr : expr . SUPTHAN expr  (22)
	expr : expr . MOD expr  (23)
	expr : expr . REM expr  (24)
	expr : expr . AND expr  (25)
	expr : expr . OR expr  (26)
	expr : expr . XOR expr  (27)
	expr : expr . AND_THEN expr  (28)
	expr : expr . OR_ELSE expr  (29)
	instr : nom_boucle WHILE expr . LOOP instr_seq END_LOOP end_block  (61)

	PLUS  shift 102
	MINUS  shift 103
	TIMES  shift 104
	DIV  shift 105
	EXPONENT  shift 106
	EQUALITY  shift 107
	INEQUALITY  shift 108
	LESSEQUAL  shift 109
	SUPEQUAL  shift 110
	LESSTHAN  shift 111
	SUPTHAN  shift 112
	MOD  shift 113
	REM  shift 114
	AND  shift 115
	OR  shift 116
	XOR  shift 117
	AND_THEN  shift 118
	OR_ELSE  shift 119
	LOOP  shift 174
	.  error


state 134
	instr : nom_boucle FOR ID . IN expr_for LOOP instr_seq END_LOOP end_block  (62)
	instr : nom_boucle FOR ID . IN REVERSE expr_for LOOP instr_seq END_LOOP end_block  (63)

	IN  shift 175
	.  error


state 135
	def : AFFECT . expr  (73)

	ID  shift 53
	ID_Q  shift 33
	CSTDEC  shift 60
	CSTBASE  shift 61
	CSTSTR  shift 62
	MINUS  shift 63
	ABS  shift 64
	NOT  shift 65
	LPAREN  shift 66
	.  error

	id  goto 67
	expr  goto 176


state 136
	declaobj : id_seq COLON CONST typeAda . def  (75)
	def : .  (72)

	AFFECT  shift 135
	SEMICOLON  reduce 72

	def  goto 177


state 137
	declaobj : id_seq COLON CONST def .  (74)

	.  reduce 74


state 138
	typeAda : id RANGE . expr_interv  (71)

	ID  shift 53
	ID_Q  shift 33
	CSTDEC  shift 60
	CSTBASE  shift 61
	CSTSTR  shift 62
	MINUS  shift 63
	ABS  shift 64
	NOT  shift 65
	LPAREN  shift 66
	.  error

	id  goto 67
	expr  goto 142
	expr_interv  goto 178


state 139
	decla : id_seq COLON typeAda RENAMES . ID_Q SEMICOLON  (96)

	ID_Q  shift 179
	.  error


state 140
	declaobj : id_seq COLON typeAda def .  (76)

	.  reduce 76


state 141
	param : id_seq COLON mode id .  (85)

	.  reduce 85


state 142
	expr_interv : expr . FROMTO expr  (6)
	expr : expr . PLUS expr  (12)
	expr : expr . MINUS expr  (13)
	expr : expr . TIMES expr  (14)
	expr : expr . DIV expr  (15)
	expr : expr . EXPONENT expr  (16)
	expr : expr . EQUALITY expr  (17)
	expr : expr . INEQUALITY expr  (18)
	expr : expr . LESSEQUAL expr  (19)
	expr : expr . SUPEQUAL expr  (20)
	expr : expr . LESSTHAN expr  (21)
	expr : expr . SUPTHAN expr  (22)
	expr : expr . MOD expr  (23)
	expr : expr . REM expr  (24)
	expr : expr . AND expr  (25)
	expr : expr . OR expr  (26)
	expr : expr . XOR expr  (27)
	expr : expr . AND_THEN expr  (28)
	expr : expr . OR_ELSE expr  (29)

	PLUS  shift 102
	MINUS  shift 103
	TIMES  shift 104
	DIV  shift 105
	EXPONENT  shift 106
	EQUALITY  shift 107
	INEQUALITY  shift 108
	LESSEQUAL  shift 109
	SUPEQUAL  shift 110
	LESSTHAN  shift 111
	SUPTHAN  shift 112
	MOD  shift 113
	REM  shift 114
	AND  shift 115
	OR  shift 116
	XOR  shift 117
	AND_THEN  shift 118
	OR_ELSE  shift 119
	FROMTO  shift 180
	.  error


state 143
	decla : TYPE ID IS RANGE expr_interv . SEMICOLON  (94)

	SEMICOLON  shift 181
	.  error


state 144
	decla : SUBTYPE ID IS typeAda SEMICOLON .  (95)

	.  reduce 95


state 145
	instr : RETIQUETTE id LETIQUETTE instr .  (56)

	.  reduce 56


state 146
	expr : LPAREN expr RPAREN .  (11)

	.  reduce 11


state 147
	expr : id LPAREN expr_seq . RPAREN  (33)

	RPAREN  shift 182
	.  error


state 148
	expr : expr . PLUS expr  (12)
	expr : expr PLUS expr .  (12)
	expr : expr . MINUS expr  (13)
	expr : expr . TIMES expr  (14)
	expr : expr . DIV expr  (15)
	expr : expr . EXPONENT expr  (16)
	expr : expr . EQUALITY expr  (17)
	expr : expr . INEQUALITY expr  (18)
	expr : expr . LESSEQUAL expr  (19)
	expr : expr . SUPEQUAL expr  (20)
	expr : expr . LESSTHAN expr  (21)
	expr : expr . SUPTHAN expr  (22)
	expr : expr . MOD expr  (23)
	expr : expr . REM expr  (24)
	expr : expr . AND expr  (25)
	expr : expr . OR expr  (26)
	expr : expr . XOR expr  (27)
	expr : expr . AND_THEN expr  (28)
	expr : expr . OR_ELSE expr  (29)

	TIMES  shift 104
	DIV  shift 105
	EXPONENT  shift 106
	MOD  shift 113
	REM  shift 114
	PLUS  reduce 12
	MINUS  reduce 12
	EQUALITY  reduce 12
	INEQUALITY  reduce 12
	LESSEQUAL  reduce 12
	SUPEQUAL  reduce 12
	LESSTHAN  reduce 12
	SUPTHAN  reduce 12
	AND  reduce 12
	OR  reduce 12
	XOR  reduce 12
	AND_THEN  reduce 12
	OR_ELSE  reduce 12
	RPAREN  reduce 12
	COMMA  reduce 12
	SEMICOLON  reduce 12
	LOOP  reduce 12
	THEN  reduce 12
	AFFECT  reduce 12
	FROMTO  reduce 12
	RENAMES  reduce 12


state 149
	expr : expr . PLUS expr  (12)
	expr : expr . MINUS expr  (13)
	expr : expr MINUS expr .  (13)
	expr : expr . TIMES expr  (14)
	expr : expr . DIV expr  (15)
	expr : expr . EXPONENT expr  (16)
	expr : expr . EQUALITY expr  (17)
	expr : expr . INEQUALITY expr  (18)
	expr : expr . LESSEQUAL expr  (19)
	expr : expr . SUPEQUAL expr  (20)
	expr : expr . LESSTHAN expr  (21)
	expr : expr . SUPTHAN expr  (22)
	expr : expr . MOD expr  (23)
	expr : expr . REM expr  (24)
	expr : expr . AND expr  (25)
	expr : expr . OR expr  (26)
	expr : expr . XOR expr  (27)
	expr : expr . AND_THEN expr  (28)
	expr : expr . OR_ELSE expr  (29)

	TIMES  shift 104
	DIV  shift 105
	EXPONENT  shift 106
	MOD  shift 113
	REM  shift 114
	PLUS  reduce 13
	MINUS  reduce 13
	EQUALITY  reduce 13
	INEQUALITY  reduce 13
	LESSEQUAL  reduce 13
	SUPEQUAL  reduce 13
	LESSTHAN  reduce 13
	SUPTHAN  reduce 13
	AND  reduce 13
	OR  reduce 13
	XOR  reduce 13
	AND_THEN  reduce 13
	OR_ELSE  reduce 13
	RPAREN  reduce 13
	COMMA  reduce 13
	SEMICOLON  reduce 13
	LOOP  reduce 13
	THEN  reduce 13
	AFFECT  reduce 13
	FROMTO  reduce 13
	RENAMES  reduce 13


state 150
	expr : expr . PLUS expr  (12)
	expr : expr . MINUS expr  (13)
	expr : expr . TIMES expr  (14)
	expr : expr TIMES expr .  (14)
	expr : expr . DIV expr  (15)
	expr : expr . EXPONENT expr  (16)
	expr : expr . EQUALITY expr  (17)
	expr : expr . INEQUALITY expr  (18)
	expr : expr . LESSEQUAL expr  (19)
	expr : expr . SUPEQUAL expr  (20)
	expr : expr . LESSTHAN expr  (21)
	expr : expr . SUPTHAN expr  (22)
	expr : expr . MOD expr  (23)
	expr : expr . REM expr  (24)
	expr : expr . AND expr  (25)
	expr : expr . OR expr  (26)
	expr : expr . XOR expr  (27)
	expr : expr . AND_THEN expr  (28)
	expr : expr . OR_ELSE expr  (29)

	EXPONENT  shift 106
	PLUS  reduce 14
	MINUS  reduce 14
	TIMES  reduce 14
	DIV  reduce 14
	EQUALITY  reduce 14
	INEQUALITY  reduce 14
	LESSEQUAL  reduce 14
	SUPEQUAL  reduce 14
	LESSTHAN  reduce 14
	SUPTHAN  reduce 14
	MOD  reduce 14
	REM  reduce 14
	AND  reduce 14
	OR  reduce 14
	XOR  reduce 14
	AND_THEN  reduce 14
	OR_ELSE  reduce 14
	RPAREN  reduce 14
	COMMA  reduce 14
	SEMICOLON  reduce 14
	LOOP  reduce 14
	THEN  reduce 14
	AFFECT  reduce 14
	FROMTO  reduce 14
	RENAMES  reduce 14


state 151
	expr : expr . PLUS expr  (12)
	expr : expr . MINUS expr  (13)
	expr : expr . TIMES expr  (14)
	expr : expr . DIV expr  (15)
	expr : expr DIV expr .  (15)
	expr : expr . EXPONENT expr  (16)
	expr : expr . EQUALITY expr  (17)
	expr : expr . INEQUALITY expr  (18)
	expr : expr . LESSEQUAL expr  (19)
	expr : expr . SUPEQUAL expr  (20)
	expr : expr . LESSTHAN expr  (21)
	expr : expr . SUPTHAN expr  (22)
	expr : expr . MOD expr  (23)
	expr : expr . REM expr  (24)
	expr : expr . AND expr  (25)
	expr : expr . OR expr  (26)
	expr : expr . XOR expr  (27)
	expr : expr . AND_THEN expr  (28)
	expr : expr . OR_ELSE expr  (29)

	EXPONENT  shift 106
	PLUS  reduce 15
	MINUS  reduce 15
	TIMES  reduce 15
	DIV  reduce 15
	EQUALITY  reduce 15
	INEQUALITY  reduce 15
	LESSEQUAL  reduce 15
	SUPEQUAL  reduce 15
	LESSTHAN  reduce 15
	SUPTHAN  reduce 15
	MOD  reduce 15
	REM  reduce 15
	AND  reduce 15
	OR  reduce 15
	XOR  reduce 15
	AND_THEN  reduce 15
	OR_ELSE  reduce 15
	RPAREN  reduce 15
	COMMA  reduce 15
	SEMICOLON  reduce 15
	LOOP  reduce 15
	THEN  reduce 15
	AFFECT  reduce 15
	FROMTO  reduce 15
	RENAMES  reduce 15


state 152
	expr : expr . PLUS expr  (12)
	expr : expr . MINUS expr  (13)
	expr : expr . TIMES expr  (14)
	expr : expr . DIV expr  (15)
	expr : expr . EXPONENT expr  (16)
	expr : expr EXPONENT expr .  (16)
	expr : expr . EQUALITY expr  (17)
	expr : expr . INEQUALITY expr  (18)
	expr : expr . LESSEQUAL expr  (19)
	expr : expr . SUPEQUAL expr  (20)
	expr : expr . LESSTHAN expr  (21)
	expr : expr . SUPTHAN expr  (22)
	expr : expr . MOD expr  (23)
	expr : expr . REM expr  (24)
	expr : expr . AND expr  (25)
	expr : expr . OR expr  (26)
	expr : expr . XOR expr  (27)
	expr : expr . AND_THEN expr  (28)
	expr : expr . OR_ELSE expr  (29)

	EXPONENT  shift 106
	PLUS  reduce 16
	MINUS  reduce 16
	TIMES  reduce 16
	DIV  reduce 16
	EQUALITY  reduce 16
	INEQUALITY  reduce 16
	LESSEQUAL  reduce 16
	SUPEQUAL  reduce 16
	LESSTHAN  reduce 16
	SUPTHAN  reduce 16
	MOD  reduce 16
	REM  reduce 16
	AND  reduce 16
	OR  reduce 16
	XOR  reduce 16
	AND_THEN  reduce 16
	OR_ELSE  reduce 16
	RPAREN  reduce 16
	COMMA  reduce 16
	SEMICOLON  reduce 16
	LOOP  reduce 16
	THEN  reduce 16
	AFFECT  reduce 16
	FROMTO  reduce 16
	RENAMES  reduce 16


state 153
	expr : expr . PLUS expr  (12)
	expr : expr . MINUS expr  (13)
	expr : expr . TIMES expr  (14)
	expr : expr . DIV expr  (15)
	expr : expr . EXPONENT expr  (16)
	expr : expr . EQUALITY expr  (17)
	expr : expr EQUALITY expr .  (17)
	expr : expr . INEQUALITY expr  (18)
	expr : expr . LESSEQUAL expr  (19)
	expr : expr . SUPEQUAL expr  (20)
	expr : expr . LESSTHAN expr  (21)
	expr : expr . SUPTHAN expr  (22)
	expr : expr . MOD expr  (23)
	expr : expr . REM expr  (24)
	expr : expr . AND expr  (25)
	expr : expr . OR expr  (26)
	expr : expr . XOR expr  (27)
	expr : expr . AND_THEN expr  (28)
	expr : expr . OR_ELSE expr  (29)

	PLUS  shift 102
	MINUS  shift 103
	TIMES  shift 104
	DIV  shift 105
	EXPONENT  shift 106
	MOD  shift 113
	REM  shift 114
	EQUALITY  reduce 17
	INEQUALITY  reduce 17
	LESSEQUAL  reduce 17
	SUPEQUAL  reduce 17
	LESSTHAN  reduce 17
	SUPTHAN  reduce 17
	AND  reduce 17
	OR  reduce 17
	XOR  reduce 17
	AND_THEN  reduce 17
	OR_ELSE  reduce 17
	RPAREN  reduce 17
	COMMA  reduce 17
	SEMICOLON  reduce 17
	LOOP  reduce 17
	THEN  reduce 17
	AFFECT  reduce 17
	FROMTO  reduce 17
	RENAMES  reduce 17


state 154
	expr : expr . PLUS expr  (12)
	expr : expr . MINUS expr  (13)
	expr : expr . TIMES expr  (14)
	expr : expr . DIV expr  (15)
	expr : expr . EXPONENT expr  (16)
	expr : expr . EQUALITY expr  (17)
	expr : expr . INEQUALITY expr  (18)
	expr : expr INEQUALITY expr .  (18)
	expr : expr . LESSEQUAL expr  (19)
	expr : expr . SUPEQUAL expr  (20)
	expr : expr . LESSTHAN expr  (21)
	expr : expr . SUPTHAN expr  (22)
	expr : expr . MOD expr  (23)
	expr : expr . REM expr  (24)
	expr : expr . AND expr  (25)
	expr : expr . OR expr  (26)
	expr : expr . XOR expr  (27)
	expr : expr . AND_THEN expr  (28)
	expr : expr . OR_ELSE expr  (29)

	PLUS  shift 102
	MINUS  shift 103
	TIMES  shift 104
	DIV  shift 105
	EXPONENT  shift 106
	MOD  shift 113
	REM  shift 114
	EQUALITY  reduce 18
	INEQUALITY  reduce 18
	LESSEQUAL  reduce 18
	SUPEQUAL  reduce 18
	LESSTHAN  reduce 18
	SUPTHAN  reduce 18
	AND  reduce 18
	OR  reduce 18
	XOR  reduce 18
	AND_THEN  reduce 18
	OR_ELSE  reduce 18
	RPAREN  reduce 18
	COMMA  reduce 18
	SEMICOLON  reduce 18
	LOOP  reduce 18
	THEN  reduce 18
	AFFECT  reduce 18
	FROMTO  reduce 18
	RENAMES  reduce 18


state 155
	expr : expr . PLUS expr  (12)
	expr : expr . MINUS expr  (13)
	expr : expr . TIMES expr  (14)
	expr : expr . DIV expr  (15)
	expr : expr . EXPONENT expr  (16)
	expr : expr . EQUALITY expr  (17)
	expr : expr . INEQUALITY expr  (18)
	expr : expr . LESSEQUAL expr  (19)
	expr : expr LESSEQUAL expr .  (19)
	expr : expr . SUPEQUAL expr  (20)
	expr : expr . LESSTHAN expr  (21)
	expr : expr . SUPTHAN expr  (22)
	expr : expr . MOD expr  (23)
	expr : expr . REM expr  (24)
	expr : expr . AND expr  (25)
	expr : expr . OR expr  (26)
	expr : expr . XOR expr  (27)
	expr : expr . AND_THEN expr  (28)
	expr : expr . OR_ELSE expr  (29)

	PLUS  shift 102
	MINUS  shift 103
	TIMES  shift 104
	DIV  shift 105
	EXPONENT  shift 106
	MOD  shift 113
	REM  shift 114
	EQUALITY  reduce 19
	INEQUALITY  reduce 19
	LESSEQUAL  reduce 19
	SUPEQUAL  reduce 19
	LESSTHAN  reduce 19
	SUPTHAN  reduce 19
	AND  reduce 19
	OR  reduce 19
	XOR  reduce 19
	AND_THEN  reduce 19
	OR_ELSE  reduce 19
	RPAREN  reduce 19
	COMMA  reduce 19
	SEMICOLON  reduce 19
	LOOP  reduce 19
	THEN  reduce 19
	AFFECT  reduce 19
	FROMTO  reduce 19
	RENAMES  reduce 19


state 156
	expr : expr . PLUS expr  (12)
	expr : expr . MINUS expr  (13)
	expr : expr . TIMES expr  (14)
	expr : expr . DIV expr  (15)
	expr : expr . EXPONENT expr  (16)
	expr : expr . EQUALITY expr  (17)
	expr : expr . INEQUALITY expr  (18)
	expr : expr . LESSEQUAL expr  (19)
	expr : expr . SUPEQUAL expr  (20)
	expr : expr SUPEQUAL expr .  (20)
	expr : expr . LESSTHAN expr  (21)
	expr : expr . SUPTHAN expr  (22)
	expr : expr . MOD expr  (23)
	expr : expr . REM expr  (24)
	expr : expr . AND expr  (25)
	expr : expr . OR expr  (26)
	expr : expr . XOR expr  (27)
	expr : expr . AND_THEN expr  (28)
	expr : expr . OR_ELSE expr  (29)

	PLUS  shift 102
	MINUS  shift 103
	TIMES  shift 104
	DIV  shift 105
	EXPONENT  shift 106
	MOD  shift 113
	REM  shift 114
	EQUALITY  reduce 20
	INEQUALITY  reduce 20
	LESSEQUAL  reduce 20
	SUPEQUAL  reduce 20
	LESSTHAN  reduce 20
	SUPTHAN  reduce 20
	AND  reduce 20
	OR  reduce 20
	XOR  reduce 20
	AND_THEN  reduce 20
	OR_ELSE  reduce 20
	RPAREN  reduce 20
	COMMA  reduce 20
	SEMICOLON  reduce 20
	LOOP  reduce 20
	THEN  reduce 20
	AFFECT  reduce 20
	FROMTO  reduce 20
	RENAMES  reduce 20


state 157
	expr : expr . PLUS expr  (12)
	expr : expr . MINUS expr  (13)
	expr : expr . TIMES expr  (14)
	expr : expr . DIV expr  (15)
	expr : expr . EXPONENT expr  (16)
	expr : expr . EQUALITY expr  (17)
	expr : expr . INEQUALITY expr  (18)
	expr : expr . LESSEQUAL expr  (19)
	expr : expr . SUPEQUAL expr  (20)
	expr : expr . LESSTHAN expr  (21)
	expr : expr LESSTHAN expr .  (21)
	expr : expr . SUPTHAN expr  (22)
	expr : expr . MOD expr  (23)
	expr : expr . REM expr  (24)
	expr : expr . AND expr  (25)
	expr : expr . OR expr  (26)
	expr : expr . XOR expr  (27)
	expr : expr . AND_THEN expr  (28)
	expr : expr . OR_ELSE expr  (29)

	PLUS  shift 102
	MINUS  shift 103
	TIMES  shift 104
	DIV  shift 105
	EXPONENT  shift 106
	MOD  shift 113
	REM  shift 114
	EQUALITY  reduce 21
	INEQUALITY  reduce 21
	LESSEQUAL  reduce 21
	SUPEQUAL  reduce 21
	LESSTHAN  reduce 21
	SUPTHAN  reduce 21
	AND  reduce 21
	OR  reduce 21
	XOR  reduce 21
	AND_THEN  reduce 21
	OR_ELSE  reduce 21
	RPAREN  reduce 21
	COMMA  reduce 21
	SEMICOLON  reduce 21
	LOOP  reduce 21
	THEN  reduce 21
	AFFECT  reduce 21
	FROMTO  reduce 21
	RENAMES  reduce 21


state 158
	expr : expr . PLUS expr  (12)
	expr : expr . MINUS expr  (13)
	expr : expr . TIMES expr  (14)
	expr : expr . DIV expr  (15)
	expr : expr . EXPONENT expr  (16)
	expr : expr . EQUALITY expr  (17)
	expr : expr . INEQUALITY expr  (18)
	expr : expr . LESSEQUAL expr  (19)
	expr : expr . SUPEQUAL expr  (20)
	expr : expr . LESSTHAN expr  (21)
	expr : expr . SUPTHAN expr  (22)
	expr : expr SUPTHAN expr .  (22)
	expr : expr . MOD expr  (23)
	expr : expr . REM expr  (24)
	expr : expr . AND expr  (25)
	expr : expr . OR expr  (26)
	expr : expr . XOR expr  (27)
	expr : expr . AND_THEN expr  (28)
	expr : expr . OR_ELSE expr  (29)

	PLUS  shift 102
	MINUS  shift 103
	TIMES  shift 104
	DIV  shift 105
	EXPONENT  shift 106
	MOD  shift 113
	REM  shift 114
	EQUALITY  reduce 22
	INEQUALITY  reduce 22
	LESSEQUAL  reduce 22
	SUPEQUAL  reduce 22
	LESSTHAN  reduce 22
	SUPTHAN  reduce 22
	AND  reduce 22
	OR  reduce 22
	XOR  reduce 22
	AND_THEN  reduce 22
	OR_ELSE  reduce 22
	RPAREN  reduce 22
	COMMA  reduce 22
	SEMICOLON  reduce 22
	LOOP  reduce 22
	THEN  reduce 22
	AFFECT  reduce 22
	FROMTO  reduce 22
	RENAMES  reduce 22


state 159
	expr : expr . PLUS expr  (12)
	expr : expr . MINUS expr  (13)
	expr : expr . TIMES expr  (14)
	expr : expr . DIV expr  (15)
	expr : expr . EXPONENT expr  (16)
	expr : expr . EQUALITY expr  (17)
	expr : expr . INEQUALITY expr  (18)
	expr : expr . LESSEQUAL expr  (19)
	expr : expr . SUPEQUAL expr  (20)
	expr : expr . LESSTHAN expr  (21)
	expr : expr . SUPTHAN expr  (22)
	expr : expr . MOD expr  (23)
	expr : expr MOD expr .  (23)
	expr : expr . REM expr  (24)
	expr : expr . AND expr  (25)
	expr : expr . OR expr  (26)
	expr : expr . XOR expr  (27)
	expr : expr . AND_THEN expr  (28)
	expr : expr . OR_ELSE expr  (29)

	EXPONENT  shift 106
	PLUS  reduce 23
	MINUS  reduce 23
	TIMES  reduce 23
	DIV  reduce 23
	EQUALITY  reduce 23
	INEQUALITY  reduce 23
	LESSEQUAL  reduce 23
	SUPEQUAL  reduce 23
	LESSTHAN  reduce 23
	SUPTHAN  reduce 23
	MOD  reduce 23
	REM  reduce 23
	AND  reduce 23
	OR  reduce 23
	XOR  reduce 23
	AND_THEN  reduce 23
	OR_ELSE  reduce 23
	RPAREN  reduce 23
	COMMA  reduce 23
	SEMICOLON  reduce 23
	LOOP  reduce 23
	THEN  reduce 23
	AFFECT  reduce 23
	FROMTO  reduce 23
	RENAMES  reduce 23


state 160
	expr : expr . PLUS expr  (12)
	expr : expr . MINUS expr  (13)
	expr : expr . TIMES expr  (14)
	expr : expr . DIV expr  (15)
	expr : expr . EXPONENT expr  (16)
	expr : expr . EQUALITY expr  (17)
	expr : expr . INEQUALITY expr  (18)
	expr : expr . LESSEQUAL expr  (19)
	expr : expr . SUPEQUAL expr  (20)
	expr : expr . LESSTHAN expr  (21)
	expr : expr . SUPTHAN expr  (22)
	expr : expr . MOD expr  (23)
	expr : expr . REM expr  (24)
	expr : expr REM expr .  (24)
	expr : expr . AND expr  (25)
	expr : expr . OR expr  (26)
	expr : expr . XOR expr  (27)
	expr : expr . AND_THEN expr  (28)
	expr : expr . OR_ELSE expr  (29)

	EXPONENT  shift 106
	PLUS  reduce 24
	MINUS  reduce 24
	TIMES  reduce 24
	DIV  reduce 24
	EQUALITY  reduce 24
	INEQUALITY  reduce 24
	LESSEQUAL  reduce 24
	SUPEQUAL  reduce 24
	LESSTHAN  reduce 24
	SUPTHAN  reduce 24
	MOD  reduce 24
	REM  reduce 24
	AND  reduce 24
	OR  reduce 24
	XOR  reduce 24
	AND_THEN  reduce 24
	OR_ELSE  reduce 24
	RPAREN  reduce 24
	COMMA  reduce 24
	SEMICOLON  reduce 24
	LOOP  reduce 24
	THEN  reduce 24
	AFFECT  reduce 24
	FROMTO  reduce 24
	RENAMES  reduce 24


state 161
	expr : expr . PLUS expr  (12)
	expr : expr . MINUS expr  (13)
	expr : expr . TIMES expr  (14)
	expr : expr . DIV expr  (15)
	expr : expr . EXPONENT expr  (16)
	expr : expr . EQUALITY expr  (17)
	expr : expr . INEQUALITY expr  (18)
	expr : expr . LESSEQUAL expr  (19)
	expr : expr . SUPEQUAL expr  (20)
	expr : expr . LESSTHAN expr  (21)
	expr : expr . SUPTHAN expr  (22)
	expr : expr . MOD expr  (23)
	expr : expr . REM expr  (24)
	expr : expr . AND expr  (25)
	expr : expr AND expr .  (25)
	expr : expr . OR expr  (26)
	expr : expr . XOR expr  (27)
	expr : expr . AND_THEN expr  (28)
	expr : expr . OR_ELSE expr  (29)

	PLUS  shift 102
	MINUS  shift 103
	TIMES  shift 104
	DIV  shift 105
	EXPONENT  shift 106
	EQUALITY  shift 107
	INEQUALITY  shift 108
	LESSEQUAL  shift 109
	SUPEQUAL  shift 110
	LESSTHAN  shift 111
	SUPTHAN  shift 112
	MOD  shift 113
	REM  shift 114
	AND  reduce 25
	OR  reduce 25
	XOR  reduce 25
	AND_THEN  reduce 25
	OR_ELSE  reduce 25
	RPAREN  reduce 25
	COMMA  reduce 25
	SEMICOLON  reduce 25
	LOOP  reduce 25
	THEN  reduce 25
	AFFECT  reduce 25
	FROMTO  reduce 25
	RENAMES  reduce 25


state 162
	expr : expr . PLUS expr  (12)
	expr : expr . MINUS expr  (13)
	expr : expr . TIMES expr  (14)
	expr : expr . DIV expr  (15)
	expr : expr . EXPONENT expr  (16)
	expr : expr . EQUALITY expr  (17)
	expr : expr . INEQUALITY expr  (18)
	expr : expr . LESSEQUAL expr  (19)
	expr : expr . SUPEQUAL expr  (20)
	expr : expr . LESSTHAN expr  (21)
	expr : expr . SUPTHAN expr  (22)
	expr : expr . MOD expr  (23)
	expr : expr . REM expr  (24)
	expr : expr . AND expr  (25)
	expr : expr . OR expr  (26)
	expr : expr OR expr .  (26)
	expr : expr . XOR expr  (27)
	expr : expr . AND_THEN expr  (28)
	expr : expr . OR_ELSE expr  (29)

	PLUS  shift 102
	MINUS  shift 103
	TIMES  shift 104
	DIV  shift 105
	EXPONENT  shift 106
	EQUALITY  shift 107
	INEQUALITY  shift 108
	LESSEQUAL  shift 109
	SUPEQUAL  shift 110
	LESSTHAN  shift 111
	SUPTHAN  shift 112
	MOD  shift 113
	REM  shift 114
	AND  reduce 26
	OR  reduce 26
	XOR  reduce 26
	AND_THEN  reduce 26
	OR_ELSE  reduce 26
	RPAREN  reduce 26
	COMMA  reduce 26
	SEMICOLON  reduce 26
	LOOP  reduce 26
	THEN  reduce 26
	AFFECT  reduce 26
	FROMTO  reduce 26
	RENAMES  reduce 26


state 163
	expr : expr . PLUS expr  (12)
	expr : expr . MINUS expr  (13)
	expr : expr . TIMES expr  (14)
	expr : expr . DIV expr  (15)
	expr : expr . EXPONENT expr  (16)
	expr : expr . EQUALITY expr  (17)
	expr : expr . INEQUALITY expr  (18)
	expr : expr . LESSEQUAL expr  (19)
	expr : expr . SUPEQUAL expr  (20)
	expr : expr . LESSTHAN expr  (21)
	expr : expr . SUPTHAN expr  (22)
	expr : expr . MOD expr  (23)
	expr : expr . REM expr  (24)
	expr : expr . AND expr  (25)
	expr : expr . OR expr  (26)
	expr : expr . XOR expr  (27)
	expr : expr XOR expr .  (27)
	expr : expr . AND_THEN expr  (28)
	expr : expr . OR_ELSE expr  (29)

	PLUS  shift 102
	MINUS  shift 103
	TIMES  shift 104
	DIV  shift 105
	EXPONENT  shift 106
	EQUALITY  shift 107
	INEQUALITY  shift 108
	LESSEQUAL  shift 109
	SUPEQUAL  shift 110
	LESSTHAN  shift 111
	SUPTHAN  shift 112
	MOD  shift 113
	REM  shift 114
	AND  reduce 27
	OR  reduce 27
	XOR  reduce 27
	AND_THEN  reduce 27
	OR_ELSE  reduce 27
	RPAREN  reduce 27
	COMMA  reduce 27
	SEMICOLON  reduce 27
	LOOP  reduce 27
	THEN  reduce 27
	AFFECT  reduce 27
	FROMTO  reduce 27
	RENAMES  reduce 27


state 164
	expr : expr . PLUS expr  (12)
	expr : expr . MINUS expr  (13)
	expr : expr . TIMES expr  (14)
	expr : expr . DIV expr  (15)
	expr : expr . EXPONENT expr  (16)
	expr : expr . EQUALITY expr  (17)
	expr : expr . INEQUALITY expr  (18)
	expr : expr . LESSEQUAL expr  (19)
	expr : expr . SUPEQUAL expr  (20)
	expr : expr . LESSTHAN expr  (21)
	expr : expr . SUPTHAN expr  (22)
	expr : expr . MOD expr  (23)
	expr : expr . REM expr  (24)
	expr : expr . AND expr  (25)
	expr : expr . OR expr  (26)
	expr : expr . XOR expr  (27)
	expr : expr . AND_THEN expr  (28)
	expr : expr AND_THEN expr .  (28)
	expr : expr . OR_ELSE expr  (29)

	PLUS  shift 102
	MINUS  shift 103
	TIMES  shift 104
	DIV  shift 105
	EXPONENT  shift 106
	EQUALITY  shift 107
	INEQUALITY  shift 108
	LESSEQUAL  shift 109
	SUPEQUAL  shift 110
	LESSTHAN  shift 111
	SUPTHAN  shift 112
	MOD  shift 113
	REM  shift 114
	AND  reduce 28
	OR  reduce 28
	XOR  reduce 28
	AND_THEN  reduce 28
	OR_ELSE  reduce 28
	RPAREN  reduce 28
	COMMA  reduce 28
	SEMICOLON  reduce 28
	LOOP  reduce 28
	THEN  reduce 28
	AFFECT  reduce 28
	FROMTO  reduce 28
	RENAMES  reduce 28


state 165
	expr : expr . PLUS expr  (12)
	expr : expr . MINUS expr  (13)
	expr : expr . TIMES expr  (14)
	expr : expr . DIV expr  (15)
	expr : expr . EXPONENT expr  (16)
	expr : expr . EQUALITY expr  (17)
	expr : expr . INEQUALITY expr  (18)
	expr : expr . LESSEQUAL expr  (19)
	expr : expr . SUPEQUAL expr  (20)
	expr : expr . LESSTHAN expr  (21)
	expr : expr . SUPTHAN expr  (22)
	expr : expr . MOD expr  (23)
	expr : expr . REM expr  (24)
	expr : expr . AND expr  (25)
	expr : expr . OR expr  (26)
	expr : expr . XOR expr  (27)
	expr : expr . AND_THEN expr  (28)
	expr : expr . OR_ELSE expr  (29)
	expr : expr OR_ELSE expr .  (29)

	PLUS  shift 102
	MINUS  shift 103
	TIMES  shift 104
	DIV  shift 105
	EXPONENT  shift 106
	EQUALITY  shift 107
	INEQUALITY  shift 108
	LESSEQUAL  shift 109
	SUPEQUAL  shift 110
	LESSTHAN  shift 111
	SUPTHAN  shift 112
	MOD  shift 113
	REM  shift 114
	AND  reduce 29
	OR  reduce 29
	XOR  reduce 29
	AND_THEN  reduce 29
	OR_ELSE  reduce 29
	RPAREN  reduce 29
	COMMA  reduce 29
	SEMICOLON  reduce 29
	LOOP  reduce 29
	THEN  reduce 29
	AFFECT  reduce 29
	FROMTO  reduce 29
	RENAMES  reduce 29


state 166
	instr_seq : instr_seq . instr  (35)
	condif : IF expr THEN instr_seq . END_IF SEMICOLON  (41)
	condif : IF expr THEN instr_seq . ELSE instr_seq END_IF SEMICOLON  (42)
	condif : IF expr THEN instr_seq . elsif_seq END_IF SEMICOLON  (43)
	condif : IF expr THEN instr_seq . elsif_seq ELSE instr_seq END_IF SEMICOLON  (44)
	nom_boucle : .  (36)

	ID  shift 32
	ID_Q  shift 33
	RETIQUETTE  shift 34
	IF  shift 35
	ELSEIF  shift 183
	ELSE  shift 184
	END_IF  shift 185
	GOTO  shift 36
	EXIT  shift 37
	RETURN  shift 38
	NULL  shift 39
	LOOP  reduce 36
	WHILE  reduce 36
	FOR  reduce 36

	id  goto 40
	instr  goto 82
	nom_boucle  goto 43
	elsif_seq  goto 186
	elseif  goto 187
	condif  goto 44


state 167
	exit_param : WHEN expr SEMICOLON .  (47)

	.  reduce 47


state 168
	expr : expr . PLUS expr  (12)
	expr : expr . MINUS expr  (13)
	expr : expr . TIMES expr  (14)
	expr : expr . DIV expr  (15)
	expr : expr . EXPONENT expr  (16)
	expr : expr . EQUALITY expr  (17)
	expr : expr . INEQUALITY expr  (18)
	expr : expr . LESSEQUAL expr  (19)
	expr : expr . SUPEQUAL expr  (20)
	expr : expr . LESSTHAN expr  (21)
	expr : expr . SUPTHAN expr  (22)
	expr : expr . MOD expr  (23)
	expr : expr . REM expr  (24)
	expr : expr . AND expr  (25)
	expr : expr . OR expr  (26)
	expr : expr . XOR expr  (27)
	expr : expr . AND_THEN expr  (28)
	expr : expr . OR_ELSE expr  (29)
	exit_param : id WHEN expr . SEMICOLON  (48)

	PLUS  shift 102
	MINUS  shift 103
	TIMES  shift 104
	DIV  shift 105
	EXPONENT  shift 106
	EQUALITY  shift 107
	INEQUALITY  shift 108
	LESSEQUAL  shift 109
	SUPEQUAL  shift 110
	LESSTHAN  shift 111
	SUPTHAN  shift 112
	MOD  shift 113
	REM  shift 114
	AND  shift 115
	OR  shift 116
	XOR  shift 117
	AND_THEN  shift 118
	OR_ELSE  shift 119
	SEMICOLON  shift 188
	.  error


state 169
	instr : id LPAREN expr_seq RPAREN . SEMICOLON  (59)

	SEMICOLON  shift 189
	.  error


state 170
	expr_seq : expr COMMA . expr_seq  (4)

	ID  shift 53
	ID_Q  shift 33
	CSTDEC  shift 60
	CSTBASE  shift 61
	CSTSTR  shift 62
	MINUS  shift 63
	ABS  shift 64
	NOT  shift 65
	LPAREN  shift 66
	.  error

	id  goto 67
	expr_seq  goto 190
	expr  goto 127


state 171
	instr : id AFFECT expr SEMICOLON .  (57)

	.  reduce 57


state 172
	end_block : ID SEMICOLON .  (54)

	.  reduce 54


state 173
	instr : nom_boucle LOOP instr_seq END_LOOP . end_block  (60)

	ID  shift 129
	SEMICOLON  shift 130
	.  error

	end_block  goto 191


state 174
	instr : nom_boucle WHILE expr LOOP . instr_seq END_LOOP end_block  (61)
	nom_boucle : .  (36)

	ID  shift 32
	ID_Q  shift 33
	RETIQUETTE  shift 34
	IF  shift 35
	GOTO  shift 36
	EXIT  shift 37
	RETURN  shift 38
	NULL  shift 39
	LOOP  reduce 36
	WHILE  reduce 36
	FOR  reduce 36

	id  goto 40
	instr_seq  goto 192
	instr  goto 42
	nom_boucle  goto 43
	condif  goto 44


state 175
	instr : nom_boucle FOR ID IN . expr_for LOOP instr_seq END_LOOP end_block  (62)
	instr : nom_boucle FOR ID IN . REVERSE expr_for LOOP instr_seq END_LOOP end_block  (63)

	ID  shift 53
	ID_Q  shift 33
	CSTDEC  shift 60
	CSTBASE  shift 61
	CSTSTR  shift 62
	MINUS  shift 63
	ABS  shift 64
	NOT  shift 65
	LPAREN  shift 66
	REVERSE  shift 193
	.  error

	id  goto 194
	expr  goto 142
	expr_interv  goto 195
	expr_for  goto 196
	typeAda  goto 197


state 176
	expr : expr . PLUS expr  (12)
	expr : expr . MINUS expr  (13)
	expr : expr . TIMES expr  (14)
	expr : expr . DIV expr  (15)
	expr : expr . EXPONENT expr  (16)
	expr : expr . EQUALITY expr  (17)
	expr : expr . INEQUALITY expr  (18)
	expr : expr . LESSEQUAL expr  (19)
	expr : expr . SUPEQUAL expr  (20)
	expr : expr . LESSTHAN expr  (21)
	expr : expr . SUPTHAN expr  (22)
	expr : expr . MOD expr  (23)
	expr : expr . REM expr  (24)
	expr : expr . AND expr  (25)
	expr : expr . OR expr  (26)
	expr : expr . XOR expr  (27)
	expr : expr . AND_THEN expr  (28)
	expr : expr . OR_ELSE expr  (29)
	def : AFFECT expr .  (73)

	PLUS  shift 102
	MINUS  shift 103
	TIMES  shift 104
	DIV  shift 105
	EXPONENT  shift 106
	EQUALITY  shift 107
	INEQUALITY  shift 108
	LESSEQUAL  shift 109
	SUPEQUAL  shift 110
	LESSTHAN  shift 111
	SUPTHAN  shift 112
	MOD  shift 113
	REM  shift 114
	AND  shift 115
	OR  shift 116
	XOR  shift 117
	AND_THEN  shift 118
	OR_ELSE  shift 119
	SEMICOLON  reduce 73


state 177
	declaobj : id_seq COLON CONST typeAda def .  (75)

	.  reduce 75


state 178
	typeAda : id RANGE expr_interv .  (71)

	.  reduce 71


state 179
	decla : id_seq COLON typeAda RENAMES ID_Q . SEMICOLON  (96)

	SEMICOLON  shift 198
	.  error


state 180
	expr_interv : expr FROMTO . expr  (6)

	ID  shift 53
	ID_Q  shift 33
	CSTDEC  shift 60
	CSTBASE  shift 61
	CSTSTR  shift 62
	MINUS  shift 63
	ABS  shift 64
	NOT  shift 65
	LPAREN  shift 66
	.  error

	id  goto 67
	expr  goto 199


state 181
	decla : TYPE ID IS RANGE expr_interv SEMICOLON .  (94)

	.  reduce 94


state 182
	expr : id LPAREN expr_seq RPAREN .  (33)

	.  reduce 33


state 183
	elseif : ELSEIF . expr THEN instr_seq  (40)

	ID  shift 53
	ID_Q  shift 33
	CSTDEC  shift 60
	CSTBASE  shift 61
	CSTSTR  shift 62
	MINUS  shift 63
	ABS  shift 64
	NOT  shift 65
	LPAREN  shift 66
	.  error

	id  goto 67
	expr  goto 200


state 184
	condif : IF expr THEN instr_seq ELSE . instr_seq END_IF SEMICOLON  (42)
	nom_boucle : .  (36)

	ID  shift 32
	ID_Q  shift 33
	RETIQUETTE  shift 34
	IF  shift 35
	GOTO  shift 36
	EXIT  shift 37
	RETURN  shift 38
	NULL  shift 39
	LOOP  reduce 36
	WHILE  reduce 36
	FOR  reduce 36

	id  goto 40
	instr_seq  goto 201
	instr  goto 42
	nom_boucle  goto 43
	condif  goto 44


state 185
	condif : IF expr THEN instr_seq END_IF . SEMICOLON  (41)

	SEMICOLON  shift 202
	.  error


state 186
	elsif_seq : elsif_seq . elseif  (39)
	condif : IF expr THEN instr_seq elsif_seq . END_IF SEMICOLON  (43)
	condif : IF expr THEN instr_seq elsif_seq . ELSE instr_seq END_IF SEMICOLON  (44)

	ELSEIF  shift 183
	ELSE  shift 203
	END_IF  shift 204
	.  error

	elseif  goto 205


state 187
	elsif_seq : elseif .  (38)

	.  reduce 38


state 188
	exit_param : id WHEN expr SEMICOLON .  (48)

	.  reduce 48


state 189
	instr : id LPAREN expr_seq RPAREN SEMICOLON .  (59)

	.  reduce 59


state 190
	expr_seq : expr COMMA expr_seq .  (4)

	.  reduce 4


state 191
	instr : nom_boucle LOOP instr_seq END_LOOP end_block .  (60)

	.  reduce 60


state 192
	instr_seq : instr_seq . instr  (35)
	instr : nom_boucle WHILE expr LOOP instr_seq . END_LOOP end_block  (61)
	nom_boucle : .  (36)

	ID  shift 32
	ID_Q  shift 33
	RETIQUETTE  shift 34
	END_LOOP  shift 206
	IF  shift 35
	GOTO  shift 36
	EXIT  shift 37
	RETURN  shift 38
	NULL  shift 39
	LOOP  reduce 36
	WHILE  reduce 36
	FOR  reduce 36

	id  goto 40
	instr  goto 82
	nom_boucle  goto 43
	condif  goto 44


state 193
	instr : nom_boucle FOR ID IN REVERSE . expr_for LOOP instr_seq END_LOOP end_block  (63)

	ID  shift 53
	ID_Q  shift 33
	CSTDEC  shift 60
	CSTBASE  shift 61
	CSTSTR  shift 62
	MINUS  shift 63
	ABS  shift 64
	NOT  shift 65
	LPAREN  shift 66
	.  error

	id  goto 194
	expr  goto 142
	expr_interv  goto 195
	expr_for  goto 207
	typeAda  goto 197


state 194
	expr : id .  (7)
	expr : id . LPAREN expr_seq RPAREN  (33)
	typeAda : id .  (70)
	typeAda : id . RANGE expr_interv  (71)

	LPAREN  shift 101
	RANGE  shift 138
	PLUS  reduce 7
	MINUS  reduce 7
	TIMES  reduce 7
	DIV  reduce 7
	EXPONENT  reduce 7
	EQUALITY  reduce 7
	INEQUALITY  reduce 7
	LESSEQUAL  reduce 7
	SUPEQUAL  reduce 7
	LESSTHAN  reduce 7
	SUPTHAN  reduce 7
	MOD  reduce 7
	REM  reduce 7
	AND  reduce 7
	OR  reduce 7
	XOR  reduce 7
	AND_THEN  reduce 7
	OR_ELSE  reduce 7
	LOOP  reduce 70
	FROMTO  reduce 7


state 195
	expr_for : expr_interv .  (52)

	.  reduce 52


state 196
	instr : nom_boucle FOR ID IN expr_for . LOOP instr_seq END_LOOP end_block  (62)

	LOOP  shift 208
	.  error


state 197
	expr_for : typeAda .  (51)

	.  reduce 51


state 198
	decla : id_seq COLON typeAda RENAMES ID_Q SEMICOLON .  (96)

	.  reduce 96


state 199
	expr_interv : expr FROMTO expr .  (6)
	expr : expr . PLUS expr  (12)
	expr : expr . MINUS expr  (13)
	expr : expr . TIMES expr  (14)
	expr : expr . DIV expr  (15)
	expr : expr . EXPONENT expr  (16)
	expr : expr . EQUALITY expr  (17)
	expr : expr . INEQUALITY expr  (18)
	expr : expr . LESSEQUAL expr  (19)
	expr : expr . SUPEQUAL expr  (20)
	expr : expr . LESSTHAN expr  (21)
	expr : expr . SUPTHAN expr  (22)
	expr : expr . MOD expr  (23)
	expr : expr . REM expr  (24)
	expr : expr . AND expr  (25)
	expr : expr . OR expr  (26)
	expr : expr . XOR expr  (27)
	expr : expr . AND_THEN expr  (28)
	expr : expr . OR_ELSE expr  (29)

	PLUS  shift 102
	MINUS  shift 103
	TIMES  shift 104
	DIV  shift 105
	EXPONENT  shift 106
	EQUALITY  shift 107
	INEQUALITY  shift 108
	LESSEQUAL  shift 109
	SUPEQUAL  shift 110
	LESSTHAN  shift 111
	SUPTHAN  shift 112
	MOD  shift 113
	REM  shift 114
	AND  shift 115
	OR  shift 116
	XOR  shift 117
	AND_THEN  shift 118
	OR_ELSE  shift 119
	SEMICOLON  reduce 6
	LOOP  reduce 6
	AFFECT  reduce 6
	RENAMES  reduce 6


state 200
	expr : expr . PLUS expr  (12)
	expr : expr . MINUS expr  (13)
	expr : expr . TIMES expr  (14)
	expr : expr . DIV expr  (15)
	expr : expr . EXPONENT expr  (16)
	expr : expr . EQUALITY expr  (17)
	expr : expr . INEQUALITY expr  (18)
	expr : expr . LESSEQUAL expr  (19)
	expr : expr . SUPEQUAL expr  (20)
	expr : expr . LESSTHAN expr  (21)
	expr : expr . SUPTHAN expr  (22)
	expr : expr . MOD expr  (23)
	expr : expr . REM expr  (24)
	expr : expr . AND expr  (25)
	expr : expr . OR expr  (26)
	expr : expr . XOR expr  (27)
	expr : expr . AND_THEN expr  (28)
	expr : expr . OR_ELSE expr  (29)
	elseif : ELSEIF expr . THEN instr_seq  (40)

	PLUS  shift 102
	MINUS  shift 103
	TIMES  shift 104
	DIV  shift 105
	EXPONENT  shift 106
	EQUALITY  shift 107
	INEQUALITY  shift 108
	LESSEQUAL  shift 109
	SUPEQUAL  shift 110
	LESSTHAN  shift 111
	SUPTHAN  shift 112
	MOD  shift 113
	REM  shift 114
	AND  shift 115
	OR  shift 116
	XOR  shift 117
	AND_THEN  shift 118
	OR_ELSE  shift 119
	THEN  shift 209
	.  error


state 201
	instr_seq : instr_seq . instr  (35)
	condif : IF expr THEN instr_seq ELSE instr_seq . END_IF SEMICOLON  (42)
	nom_boucle : .  (36)

	ID  shift 32
	ID_Q  shift 33
	RETIQUETTE  shift 34
	IF  shift 35
	END_IF  shift 210
	GOTO  shift 36
	EXIT  shift 37
	RETURN  shift 38
	NULL  shift 39
	LOOP  reduce 36
	WHILE  reduce 36
	FOR  reduce 36

	id  goto 40
	instr  goto 82
	nom_boucle  goto 43
	condif  goto 44


state 202
	condif : IF expr THEN instr_seq END_IF SEMICOLON .  (41)

	.  reduce 41


state 203
	condif : IF expr THEN instr_seq elsif_seq ELSE . instr_seq END_IF SEMICOLON  (44)
	nom_boucle : .  (36)

	ID  shift 32
	ID_Q  shift 33
	RETIQUETTE  shift 34
	IF  shift 35
	GOTO  shift 36
	EXIT  shift 37
	RETURN  shift 38
	NULL  shift 39
	LOOP  reduce 36
	WHILE  reduce 36
	FOR  reduce 36

	id  goto 40
	instr_seq  goto 211
	instr  goto 42
	nom_boucle  goto 43
	condif  goto 44


state 204
	condif : IF expr THEN instr_seq elsif_seq END_IF . SEMICOLON  (43)

	SEMICOLON  shift 212
	.  error


state 205
	elsif_seq : elsif_seq elseif .  (39)

	.  reduce 39


state 206
	instr : nom_boucle WHILE expr LOOP instr_seq END_LOOP . end_block  (61)

	ID  shift 129
	SEMICOLON  shift 130
	.  error

	end_block  goto 213


state 207
	instr : nom_boucle FOR ID IN REVERSE expr_for . LOOP instr_seq END_LOOP end_block  (63)

	LOOP  shift 214
	.  error


state 208
	instr : nom_boucle FOR ID IN expr_for LOOP . instr_seq END_LOOP end_block  (62)
	nom_boucle : .  (36)

	ID  shift 32
	ID_Q  shift 33
	RETIQUETTE  shift 34
	IF  shift 35
	GOTO  shift 36
	EXIT  shift 37
	RETURN  shift 38
	NULL  shift 39
	LOOP  reduce 36
	WHILE  reduce 36
	FOR  reduce 36

	id  goto 40
	instr_seq  goto 215
	instr  goto 42
	nom_boucle  goto 43
	condif  goto 44


state 209
	elseif : ELSEIF expr THEN . instr_seq  (40)
	nom_boucle : .  (36)

	ID  shift 32
	ID_Q  shift 33
	RETIQUETTE  shift 34
	IF  shift 35
	GOTO  shift 36
	EXIT  shift 37
	RETURN  shift 38
	NULL  shift 39
	LOOP  reduce 36
	WHILE  reduce 36
	FOR  reduce 36

	id  goto 40
	instr_seq  goto 216
	instr  goto 42
	nom_boucle  goto 43
	condif  goto 44


state 210
	condif : IF expr THEN instr_seq ELSE instr_seq END_IF . SEMICOLON  (42)

	SEMICOLON  shift 217
	.  error


state 211
	instr_seq : instr_seq . instr  (35)
	condif : IF expr THEN instr_seq elsif_seq ELSE instr_seq . END_IF SEMICOLON  (44)
	nom_boucle : .  (36)

	ID  shift 32
	ID_Q  shift 33
	RETIQUETTE  shift 34
	IF  shift 35
	END_IF  shift 218
	GOTO  shift 36
	EXIT  shift 37
	RETURN  shift 38
	NULL  shift 39
	LOOP  reduce 36
	WHILE  reduce 36
	FOR  reduce 36

	id  goto 40
	instr  goto 82
	nom_boucle  goto 43
	condif  goto 44


state 212
	condif : IF expr THEN instr_seq elsif_seq END_IF SEMICOLON .  (43)

	.  reduce 43


state 213
	instr : nom_boucle WHILE expr LOOP instr_seq END_LOOP end_block .  (61)

	.  reduce 61


state 214
	instr : nom_boucle FOR ID IN REVERSE expr_for LOOP . instr_seq END_LOOP end_block  (63)
	nom_boucle : .  (36)

	ID  shift 32
	ID_Q  shift 33
	RETIQUETTE  shift 34
	IF  shift 35
	GOTO  shift 36
	EXIT  shift 37
	RETURN  shift 38
	NULL  shift 39
	LOOP  reduce 36
	WHILE  reduce 36
	FOR  reduce 36

	id  goto 40
	instr_seq  goto 219
	instr  goto 42
	nom_boucle  goto 43
	condif  goto 44


state 215
	instr_seq : instr_seq . instr  (35)
	instr : nom_boucle FOR ID IN expr_for LOOP instr_seq . END_LOOP end_block  (62)
	nom_boucle : .  (36)

	ID  shift 32
	ID_Q  shift 33
	RETIQUETTE  shift 34
	END_LOOP  shift 220
	IF  shift 35
	GOTO  shift 36
	EXIT  shift 37
	RETURN  shift 38
	NULL  shift 39
	LOOP  reduce 36
	WHILE  reduce 36
	FOR  reduce 36

	id  goto 40
	instr  goto 82
	nom_boucle  goto 43
	condif  goto 44


state 216
	instr_seq : instr_seq . instr  (35)
	elseif : ELSEIF expr THEN instr_seq .  (40)
	nom_boucle : .  (36)

	ID  shift 32
	ID_Q  shift 33
	RETIQUETTE  shift 34
	IF  shift 35
	GOTO  shift 36
	EXIT  shift 37
	RETURN  shift 38
	NULL  shift 39
	LOOP  reduce 36
	WHILE  reduce 36
	FOR  reduce 36
	ELSEIF  reduce 40
	ELSE  reduce 40
	END_IF  reduce 40

	id  goto 40
	instr  goto 82
	nom_boucle  goto 43
	condif  goto 44


state 217
	condif : IF expr THEN instr_seq ELSE instr_seq END_IF SEMICOLON .  (42)

	.  reduce 42


state 218
	condif : IF expr THEN instr_seq elsif_seq ELSE instr_seq END_IF . SEMICOLON  (44)

	SEMICOLON  shift 221
	.  error


state 219
	instr_seq : instr_seq . instr  (35)
	instr : nom_boucle FOR ID IN REVERSE expr_for LOOP instr_seq . END_LOOP end_block  (63)
	nom_boucle : .  (36)

	ID  shift 32
	ID_Q  shift 33
	RETIQUETTE  shift 34
	END_LOOP  shift 222
	IF  shift 35
	GOTO  shift 36
	EXIT  shift 37
	RETURN  shift 38
	NULL  shift 39
	LOOP  reduce 36
	WHILE  reduce 36
	FOR  reduce 36

	id  goto 40
	instr  goto 82
	nom_boucle  goto 43
	condif  goto 44


state 220
	instr : nom_boucle FOR ID IN expr_for LOOP instr_seq END_LOOP . end_block  (62)

	ID  shift 129
	SEMICOLON  shift 130
	.  error

	end_block  goto 223


state 221
	condif : IF expr THEN instr_seq elsif_seq ELSE instr_seq END_IF SEMICOLON .  (44)

	.  reduce 44


state 222
	instr : nom_boucle FOR ID IN REVERSE expr_for LOOP instr_seq END_LOOP . end_block  (63)

	ID  shift 129
	SEMICOLON  shift 130
	.  error

	end_block  goto 224


state 223
	instr : nom_boucle FOR ID IN expr_for LOOP instr_seq END_LOOP end_block .  (62)

	.  reduce 62


state 224
	instr : nom_boucle FOR ID IN REVERSE expr_for LOOP instr_seq END_LOOP end_block .  (63)

	.  reduce 63


66 terminals, 30 nonterminals
100 grammar rules, 225 states
